[2025-09-18T12:33:14.761+0000] {processor.py:161} INFO - Started process (PID=6623) to work on /opt/airflow/dags/hello_world_dag.py
[2025-09-18T12:33:14.793+0000] {processor.py:830} INFO - Processing file /opt/airflow/dags/hello_world_dag.py for tasks to queue
[2025-09-18T12:33:14.819+0000] {logging_mixin.py:188} INFO - [2025-09-18T12:33:14.817+0000] {dagbag.py:545} INFO - Filling up the DagBag from /opt/airflow/dags/hello_world_dag.py
[2025-09-18T12:33:15.307+0000] {processor.py:840} INFO - DAG(s) 'hello_taskflow' retrieved from /opt/airflow/dags/hello_world_dag.py
[2025-09-18T12:33:15.668+0000] {logging_mixin.py:188} INFO - [2025-09-18T12:33:15.667+0000] {dag.py:3089} INFO - Sync 1 DAGs
[2025-09-18T12:33:16.012+0000] {logging_mixin.py:188} INFO - [2025-09-18T12:33:16.001+0000] {dag.py:3947} INFO - Setting next_dagrun for hello_taskflow to 2025-09-18 00:00:00+00:00, run_after=2025-09-19 00:00:00+00:00
[2025-09-18T12:33:16.271+0000] {processor.py:183} INFO - Processing /opt/airflow/dags/hello_world_dag.py took 1.548 seconds
[2025-09-18T12:33:46.920+0000] {processor.py:161} INFO - Started process (PID=6640) to work on /opt/airflow/dags/hello_world_dag.py
[2025-09-18T12:33:46.922+0000] {processor.py:830} INFO - Processing file /opt/airflow/dags/hello_world_dag.py for tasks to queue
[2025-09-18T12:33:46.926+0000] {logging_mixin.py:188} INFO - [2025-09-18T12:33:46.925+0000] {dagbag.py:545} INFO - Filling up the DagBag from /opt/airflow/dags/hello_world_dag.py
[2025-09-18T12:33:46.989+0000] {processor.py:840} INFO - DAG(s) 'hello_taskflow' retrieved from /opt/airflow/dags/hello_world_dag.py
[2025-09-18T12:33:47.093+0000] {logging_mixin.py:188} INFO - [2025-09-18T12:33:47.093+0000] {dag.py:3089} INFO - Sync 1 DAGs
[2025-09-18T12:33:47.178+0000] {logging_mixin.py:188} INFO - [2025-09-18T12:33:47.177+0000] {dag.py:3947} INFO - Setting next_dagrun for hello_taskflow to 2025-09-18 00:00:00+00:00, run_after=2025-09-19 00:00:00+00:00
[2025-09-18T12:33:47.234+0000] {processor.py:183} INFO - Processing /opt/airflow/dags/hello_world_dag.py took 0.330 seconds
[2025-09-18T12:34:17.502+0000] {processor.py:161} INFO - Started process (PID=6655) to work on /opt/airflow/dags/hello_world_dag.py
[2025-09-18T12:34:17.505+0000] {processor.py:830} INFO - Processing file /opt/airflow/dags/hello_world_dag.py for tasks to queue
[2025-09-18T12:34:17.509+0000] {logging_mixin.py:188} INFO - [2025-09-18T12:34:17.508+0000] {dagbag.py:545} INFO - Filling up the DagBag from /opt/airflow/dags/hello_world_dag.py
[2025-09-18T12:34:17.573+0000] {processor.py:840} INFO - DAG(s) 'hello_taskflow' retrieved from /opt/airflow/dags/hello_world_dag.py
[2025-09-18T12:34:17.673+0000] {logging_mixin.py:188} INFO - [2025-09-18T12:34:17.673+0000] {dag.py:3089} INFO - Sync 1 DAGs
[2025-09-18T12:34:17.733+0000] {logging_mixin.py:188} INFO - [2025-09-18T12:34:17.732+0000] {dag.py:3947} INFO - Setting next_dagrun for hello_taskflow to 2025-09-18 00:00:00+00:00, run_after=2025-09-19 00:00:00+00:00
[2025-09-18T12:34:17.780+0000] {processor.py:183} INFO - Processing /opt/airflow/dags/hello_world_dag.py took 0.295 seconds
[2025-09-18T12:34:48.625+0000] {processor.py:161} INFO - Started process (PID=6670) to work on /opt/airflow/dags/hello_world_dag.py
[2025-09-18T12:34:48.626+0000] {processor.py:830} INFO - Processing file /opt/airflow/dags/hello_world_dag.py for tasks to queue
[2025-09-18T12:34:48.627+0000] {logging_mixin.py:188} INFO - [2025-09-18T12:34:48.626+0000] {dagbag.py:545} INFO - Filling up the DagBag from /opt/airflow/dags/hello_world_dag.py
[2025-09-18T12:34:48.644+0000] {processor.py:840} INFO - DAG(s) 'hello_taskflow' retrieved from /opt/airflow/dags/hello_world_dag.py
[2025-09-18T12:34:48.676+0000] {logging_mixin.py:188} INFO - [2025-09-18T12:34:48.676+0000] {dag.py:3089} INFO - Sync 1 DAGs
[2025-09-18T12:34:48.701+0000] {logging_mixin.py:188} INFO - [2025-09-18T12:34:48.701+0000] {dag.py:3947} INFO - Setting next_dagrun for hello_taskflow to 2025-09-18 00:00:00+00:00, run_after=2025-09-19 00:00:00+00:00
[2025-09-18T12:34:48.724+0000] {processor.py:183} INFO - Processing /opt/airflow/dags/hello_world_dag.py took 0.105 seconds
[2025-09-18T12:35:19.084+0000] {processor.py:161} INFO - Started process (PID=6685) to work on /opt/airflow/dags/hello_world_dag.py
[2025-09-18T12:35:19.085+0000] {processor.py:830} INFO - Processing file /opt/airflow/dags/hello_world_dag.py for tasks to queue
[2025-09-18T12:35:19.086+0000] {logging_mixin.py:188} INFO - [2025-09-18T12:35:19.085+0000] {dagbag.py:545} INFO - Filling up the DagBag from /opt/airflow/dags/hello_world_dag.py
[2025-09-18T12:35:19.105+0000] {processor.py:840} INFO - DAG(s) 'hello_taskflow' retrieved from /opt/airflow/dags/hello_world_dag.py
[2025-09-18T12:35:19.140+0000] {logging_mixin.py:188} INFO - [2025-09-18T12:35:19.140+0000] {dag.py:3089} INFO - Sync 1 DAGs
[2025-09-18T12:35:19.168+0000] {logging_mixin.py:188} INFO - [2025-09-18T12:35:19.168+0000] {dag.py:3947} INFO - Setting next_dagrun for hello_taskflow to 2025-09-18 00:00:00+00:00, run_after=2025-09-19 00:00:00+00:00
[2025-09-18T12:35:19.192+0000] {processor.py:183} INFO - Processing /opt/airflow/dags/hello_world_dag.py took 0.115 seconds
[2025-09-18T12:35:49.699+0000] {processor.py:161} INFO - Started process (PID=6700) to work on /opt/airflow/dags/hello_world_dag.py
[2025-09-18T12:35:49.700+0000] {processor.py:830} INFO - Processing file /opt/airflow/dags/hello_world_dag.py for tasks to queue
[2025-09-18T12:35:49.701+0000] {logging_mixin.py:188} INFO - [2025-09-18T12:35:49.700+0000] {dagbag.py:545} INFO - Filling up the DagBag from /opt/airflow/dags/hello_world_dag.py
[2025-09-18T12:35:49.719+0000] {processor.py:840} INFO - DAG(s) 'hello_taskflow' retrieved from /opt/airflow/dags/hello_world_dag.py
[2025-09-18T12:35:49.757+0000] {logging_mixin.py:188} INFO - [2025-09-18T12:35:49.757+0000] {dag.py:3089} INFO - Sync 1 DAGs
[2025-09-18T12:35:49.789+0000] {logging_mixin.py:188} INFO - [2025-09-18T12:35:49.788+0000] {dag.py:3947} INFO - Setting next_dagrun for hello_taskflow to 2025-09-18 00:00:00+00:00, run_after=2025-09-19 00:00:00+00:00
[2025-09-18T12:35:49.812+0000] {processor.py:183} INFO - Processing /opt/airflow/dags/hello_world_dag.py took 0.119 seconds
[2025-09-18T12:36:20.147+0000] {processor.py:161} INFO - Started process (PID=6715) to work on /opt/airflow/dags/hello_world_dag.py
[2025-09-18T12:36:20.149+0000] {processor.py:830} INFO - Processing file /opt/airflow/dags/hello_world_dag.py for tasks to queue
[2025-09-18T12:36:20.150+0000] {logging_mixin.py:188} INFO - [2025-09-18T12:36:20.149+0000] {dagbag.py:545} INFO - Filling up the DagBag from /opt/airflow/dags/hello_world_dag.py
[2025-09-18T12:36:20.170+0000] {processor.py:840} INFO - DAG(s) 'hello_taskflow' retrieved from /opt/airflow/dags/hello_world_dag.py
[2025-09-18T12:36:20.208+0000] {logging_mixin.py:188} INFO - [2025-09-18T12:36:20.208+0000] {dag.py:3089} INFO - Sync 1 DAGs
[2025-09-18T12:36:20.236+0000] {logging_mixin.py:188} INFO - [2025-09-18T12:36:20.236+0000] {dag.py:3947} INFO - Setting next_dagrun for hello_taskflow to 2025-09-18 00:00:00+00:00, run_after=2025-09-19 00:00:00+00:00
[2025-09-18T12:36:20.260+0000] {processor.py:183} INFO - Processing /opt/airflow/dags/hello_world_dag.py took 0.120 seconds
[2025-09-18T12:36:50.825+0000] {processor.py:161} INFO - Started process (PID=6730) to work on /opt/airflow/dags/hello_world_dag.py
[2025-09-18T12:36:50.827+0000] {processor.py:830} INFO - Processing file /opt/airflow/dags/hello_world_dag.py for tasks to queue
[2025-09-18T12:36:50.828+0000] {logging_mixin.py:188} INFO - [2025-09-18T12:36:50.827+0000] {dagbag.py:545} INFO - Filling up the DagBag from /opt/airflow/dags/hello_world_dag.py
[2025-09-18T12:36:50.850+0000] {processor.py:840} INFO - DAG(s) 'hello_taskflow' retrieved from /opt/airflow/dags/hello_world_dag.py
[2025-09-18T12:36:50.888+0000] {logging_mixin.py:188} INFO - [2025-09-18T12:36:50.888+0000] {dag.py:3089} INFO - Sync 1 DAGs
[2025-09-18T12:36:50.912+0000] {logging_mixin.py:188} INFO - [2025-09-18T12:36:50.912+0000] {dag.py:3947} INFO - Setting next_dagrun for hello_taskflow to 2025-09-18 00:00:00+00:00, run_after=2025-09-19 00:00:00+00:00
[2025-09-18T12:36:50.935+0000] {processor.py:183} INFO - Processing /opt/airflow/dags/hello_world_dag.py took 0.117 seconds
[2025-09-18T12:37:21.676+0000] {processor.py:161} INFO - Started process (PID=6745) to work on /opt/airflow/dags/hello_world_dag.py
[2025-09-18T12:37:21.678+0000] {processor.py:830} INFO - Processing file /opt/airflow/dags/hello_world_dag.py for tasks to queue
[2025-09-18T12:37:21.679+0000] {logging_mixin.py:188} INFO - [2025-09-18T12:37:21.679+0000] {dagbag.py:545} INFO - Filling up the DagBag from /opt/airflow/dags/hello_world_dag.py
[2025-09-18T12:37:21.706+0000] {processor.py:840} INFO - DAG(s) 'hello_taskflow' retrieved from /opt/airflow/dags/hello_world_dag.py
[2025-09-18T12:37:21.748+0000] {logging_mixin.py:188} INFO - [2025-09-18T12:37:21.748+0000] {dag.py:3089} INFO - Sync 1 DAGs
[2025-09-18T12:37:21.776+0000] {logging_mixin.py:188} INFO - [2025-09-18T12:37:21.776+0000] {dag.py:3947} INFO - Setting next_dagrun for hello_taskflow to 2025-09-18 00:00:00+00:00, run_after=2025-09-19 00:00:00+00:00
[2025-09-18T12:37:21.802+0000] {processor.py:183} INFO - Processing /opt/airflow/dags/hello_world_dag.py took 0.136 seconds
[2025-09-18T12:37:52.584+0000] {processor.py:161} INFO - Started process (PID=6760) to work on /opt/airflow/dags/hello_world_dag.py
[2025-09-18T12:37:52.585+0000] {processor.py:830} INFO - Processing file /opt/airflow/dags/hello_world_dag.py for tasks to queue
[2025-09-18T12:37:52.586+0000] {logging_mixin.py:188} INFO - [2025-09-18T12:37:52.586+0000] {dagbag.py:545} INFO - Filling up the DagBag from /opt/airflow/dags/hello_world_dag.py
[2025-09-18T12:37:52.605+0000] {processor.py:840} INFO - DAG(s) 'hello_taskflow' retrieved from /opt/airflow/dags/hello_world_dag.py
[2025-09-18T12:37:52.637+0000] {logging_mixin.py:188} INFO - [2025-09-18T12:37:52.637+0000] {dag.py:3089} INFO - Sync 1 DAGs
[2025-09-18T12:37:52.665+0000] {logging_mixin.py:188} INFO - [2025-09-18T12:37:52.665+0000] {dag.py:3947} INFO - Setting next_dagrun for hello_taskflow to 2025-09-18 00:00:00+00:00, run_after=2025-09-19 00:00:00+00:00
[2025-09-18T12:37:52.697+0000] {processor.py:183} INFO - Processing /opt/airflow/dags/hello_world_dag.py took 0.121 seconds
[2025-09-18T12:38:23.341+0000] {processor.py:161} INFO - Started process (PID=6775) to work on /opt/airflow/dags/hello_world_dag.py
[2025-09-18T12:38:23.342+0000] {processor.py:830} INFO - Processing file /opt/airflow/dags/hello_world_dag.py for tasks to queue
[2025-09-18T12:38:23.343+0000] {logging_mixin.py:188} INFO - [2025-09-18T12:38:23.343+0000] {dagbag.py:545} INFO - Filling up the DagBag from /opt/airflow/dags/hello_world_dag.py
[2025-09-18T12:38:23.361+0000] {processor.py:840} INFO - DAG(s) 'hello_taskflow' retrieved from /opt/airflow/dags/hello_world_dag.py
[2025-09-18T12:38:23.397+0000] {logging_mixin.py:188} INFO - [2025-09-18T12:38:23.396+0000] {dag.py:3089} INFO - Sync 1 DAGs
[2025-09-18T12:38:23.427+0000] {logging_mixin.py:188} INFO - [2025-09-18T12:38:23.427+0000] {dag.py:3947} INFO - Setting next_dagrun for hello_taskflow to 2025-09-18 00:00:00+00:00, run_after=2025-09-19 00:00:00+00:00
[2025-09-18T12:38:23.458+0000] {processor.py:183} INFO - Processing /opt/airflow/dags/hello_world_dag.py took 0.122 seconds
[2025-09-18T12:38:53.771+0000] {processor.py:161} INFO - Started process (PID=6790) to work on /opt/airflow/dags/hello_world_dag.py
[2025-09-18T12:38:53.772+0000] {processor.py:830} INFO - Processing file /opt/airflow/dags/hello_world_dag.py for tasks to queue
[2025-09-18T12:38:53.773+0000] {logging_mixin.py:188} INFO - [2025-09-18T12:38:53.773+0000] {dagbag.py:545} INFO - Filling up the DagBag from /opt/airflow/dags/hello_world_dag.py
[2025-09-18T12:38:53.793+0000] {processor.py:840} INFO - DAG(s) 'hello_taskflow' retrieved from /opt/airflow/dags/hello_world_dag.py
[2025-09-18T12:38:53.829+0000] {logging_mixin.py:188} INFO - [2025-09-18T12:38:53.829+0000] {dag.py:3089} INFO - Sync 1 DAGs
[2025-09-18T12:38:53.856+0000] {logging_mixin.py:188} INFO - [2025-09-18T12:38:53.856+0000] {dag.py:3947} INFO - Setting next_dagrun for hello_taskflow to 2025-09-18 00:00:00+00:00, run_after=2025-09-19 00:00:00+00:00
[2025-09-18T12:38:53.885+0000] {processor.py:183} INFO - Processing /opt/airflow/dags/hello_world_dag.py took 0.120 seconds
[2025-09-18T12:39:24.261+0000] {processor.py:161} INFO - Started process (PID=6805) to work on /opt/airflow/dags/hello_world_dag.py
[2025-09-18T12:39:24.262+0000] {processor.py:830} INFO - Processing file /opt/airflow/dags/hello_world_dag.py for tasks to queue
[2025-09-18T12:39:24.264+0000] {logging_mixin.py:188} INFO - [2025-09-18T12:39:24.263+0000] {dagbag.py:545} INFO - Filling up the DagBag from /opt/airflow/dags/hello_world_dag.py
[2025-09-18T12:39:24.282+0000] {processor.py:840} INFO - DAG(s) 'hello_taskflow' retrieved from /opt/airflow/dags/hello_world_dag.py
[2025-09-18T12:39:24.322+0000] {logging_mixin.py:188} INFO - [2025-09-18T12:39:24.322+0000] {dag.py:3089} INFO - Sync 1 DAGs
[2025-09-18T12:39:24.354+0000] {logging_mixin.py:188} INFO - [2025-09-18T12:39:24.354+0000] {dag.py:3947} INFO - Setting next_dagrun for hello_taskflow to 2025-09-18 00:00:00+00:00, run_after=2025-09-19 00:00:00+00:00
[2025-09-18T12:39:24.381+0000] {processor.py:183} INFO - Processing /opt/airflow/dags/hello_world_dag.py took 0.126 seconds
[2025-09-18T12:39:54.699+0000] {processor.py:161} INFO - Started process (PID=6820) to work on /opt/airflow/dags/hello_world_dag.py
[2025-09-18T12:39:54.701+0000] {processor.py:830} INFO - Processing file /opt/airflow/dags/hello_world_dag.py for tasks to queue
[2025-09-18T12:39:54.702+0000] {logging_mixin.py:188} INFO - [2025-09-18T12:39:54.702+0000] {dagbag.py:545} INFO - Filling up the DagBag from /opt/airflow/dags/hello_world_dag.py
[2025-09-18T12:39:54.737+0000] {processor.py:840} INFO - DAG(s) 'hello_taskflow' retrieved from /opt/airflow/dags/hello_world_dag.py
[2025-09-18T12:39:54.776+0000] {logging_mixin.py:188} INFO - [2025-09-18T12:39:54.775+0000] {dag.py:3089} INFO - Sync 1 DAGs
[2025-09-18T12:39:54.804+0000] {logging_mixin.py:188} INFO - [2025-09-18T12:39:54.804+0000] {dag.py:3947} INFO - Setting next_dagrun for hello_taskflow to 2025-09-18 00:00:00+00:00, run_after=2025-09-19 00:00:00+00:00
[2025-09-18T12:39:54.829+0000] {processor.py:183} INFO - Processing /opt/airflow/dags/hello_world_dag.py took 0.137 seconds
[2025-09-18T12:40:25.344+0000] {processor.py:161} INFO - Started process (PID=6835) to work on /opt/airflow/dags/hello_world_dag.py
[2025-09-18T12:40:25.345+0000] {processor.py:830} INFO - Processing file /opt/airflow/dags/hello_world_dag.py for tasks to queue
[2025-09-18T12:40:25.346+0000] {logging_mixin.py:188} INFO - [2025-09-18T12:40:25.346+0000] {dagbag.py:545} INFO - Filling up the DagBag from /opt/airflow/dags/hello_world_dag.py
[2025-09-18T12:40:25.374+0000] {processor.py:840} INFO - DAG(s) 'hello_taskflow' retrieved from /opt/airflow/dags/hello_world_dag.py
[2025-09-18T12:40:25.413+0000] {logging_mixin.py:188} INFO - [2025-09-18T12:40:25.413+0000] {dag.py:3089} INFO - Sync 1 DAGs
[2025-09-18T12:40:25.444+0000] {logging_mixin.py:188} INFO - [2025-09-18T12:40:25.444+0000] {dag.py:3947} INFO - Setting next_dagrun for hello_taskflow to 2025-09-18 00:00:00+00:00, run_after=2025-09-19 00:00:00+00:00
[2025-09-18T12:40:25.468+0000] {processor.py:183} INFO - Processing /opt/airflow/dags/hello_world_dag.py took 0.131 seconds
[2025-09-18T12:40:56.168+0000] {processor.py:161} INFO - Started process (PID=6850) to work on /opt/airflow/dags/hello_world_dag.py
[2025-09-18T12:40:56.170+0000] {processor.py:830} INFO - Processing file /opt/airflow/dags/hello_world_dag.py for tasks to queue
[2025-09-18T12:40:56.170+0000] {logging_mixin.py:188} INFO - [2025-09-18T12:40:56.170+0000] {dagbag.py:545} INFO - Filling up the DagBag from /opt/airflow/dags/hello_world_dag.py
[2025-09-18T12:40:56.188+0000] {processor.py:840} INFO - DAG(s) 'hello_taskflow' retrieved from /opt/airflow/dags/hello_world_dag.py
[2025-09-18T12:40:56.222+0000] {logging_mixin.py:188} INFO - [2025-09-18T12:40:56.222+0000] {dag.py:3089} INFO - Sync 1 DAGs
[2025-09-18T12:40:56.249+0000] {logging_mixin.py:188} INFO - [2025-09-18T12:40:56.249+0000] {dag.py:3947} INFO - Setting next_dagrun for hello_taskflow to 2025-09-18 00:00:00+00:00, run_after=2025-09-19 00:00:00+00:00
[2025-09-18T12:40:56.278+0000] {processor.py:183} INFO - Processing /opt/airflow/dags/hello_world_dag.py took 0.115 seconds
[2025-09-18T12:41:26.891+0000] {processor.py:161} INFO - Started process (PID=6865) to work on /opt/airflow/dags/hello_world_dag.py
[2025-09-18T12:41:26.892+0000] {processor.py:830} INFO - Processing file /opt/airflow/dags/hello_world_dag.py for tasks to queue
[2025-09-18T12:41:26.893+0000] {logging_mixin.py:188} INFO - [2025-09-18T12:41:26.893+0000] {dagbag.py:545} INFO - Filling up the DagBag from /opt/airflow/dags/hello_world_dag.py
[2025-09-18T12:41:26.912+0000] {processor.py:840} INFO - DAG(s) 'hello_taskflow' retrieved from /opt/airflow/dags/hello_world_dag.py
[2025-09-18T12:41:26.944+0000] {logging_mixin.py:188} INFO - [2025-09-18T12:41:26.944+0000] {dag.py:3089} INFO - Sync 1 DAGs
[2025-09-18T12:41:26.968+0000] {logging_mixin.py:188} INFO - [2025-09-18T12:41:26.968+0000] {dag.py:3947} INFO - Setting next_dagrun for hello_taskflow to 2025-09-18 00:00:00+00:00, run_after=2025-09-19 00:00:00+00:00
[2025-09-18T12:41:27.012+0000] {processor.py:183} INFO - Processing /opt/airflow/dags/hello_world_dag.py took 0.129 seconds
[2025-09-18T12:41:57.666+0000] {processor.py:161} INFO - Started process (PID=6880) to work on /opt/airflow/dags/hello_world_dag.py
[2025-09-18T12:41:57.667+0000] {processor.py:830} INFO - Processing file /opt/airflow/dags/hello_world_dag.py for tasks to queue
[2025-09-18T12:41:57.668+0000] {logging_mixin.py:188} INFO - [2025-09-18T12:41:57.668+0000] {dagbag.py:545} INFO - Filling up the DagBag from /opt/airflow/dags/hello_world_dag.py
[2025-09-18T12:41:57.689+0000] {processor.py:840} INFO - DAG(s) 'hello_taskflow' retrieved from /opt/airflow/dags/hello_world_dag.py
[2025-09-18T12:41:57.723+0000] {logging_mixin.py:188} INFO - [2025-09-18T12:41:57.723+0000] {dag.py:3089} INFO - Sync 1 DAGs
[2025-09-18T12:41:57.752+0000] {logging_mixin.py:188} INFO - [2025-09-18T12:41:57.752+0000] {dag.py:3947} INFO - Setting next_dagrun for hello_taskflow to 2025-09-18 00:00:00+00:00, run_after=2025-09-19 00:00:00+00:00
[2025-09-18T12:41:57.783+0000] {processor.py:183} INFO - Processing /opt/airflow/dags/hello_world_dag.py took 0.125 seconds
[2025-09-18T12:42:28.546+0000] {processor.py:161} INFO - Started process (PID=6895) to work on /opt/airflow/dags/hello_world_dag.py
[2025-09-18T12:42:28.547+0000] {processor.py:830} INFO - Processing file /opt/airflow/dags/hello_world_dag.py for tasks to queue
[2025-09-18T12:42:28.548+0000] {logging_mixin.py:188} INFO - [2025-09-18T12:42:28.548+0000] {dagbag.py:545} INFO - Filling up the DagBag from /opt/airflow/dags/hello_world_dag.py
[2025-09-18T12:42:28.568+0000] {processor.py:840} INFO - DAG(s) 'hello_taskflow' retrieved from /opt/airflow/dags/hello_world_dag.py
[2025-09-18T12:42:28.604+0000] {logging_mixin.py:188} INFO - [2025-09-18T12:42:28.603+0000] {dag.py:3089} INFO - Sync 1 DAGs
[2025-09-18T12:42:28.632+0000] {logging_mixin.py:188} INFO - [2025-09-18T12:42:28.631+0000] {dag.py:3947} INFO - Setting next_dagrun for hello_taskflow to 2025-09-18 00:00:00+00:00, run_after=2025-09-19 00:00:00+00:00
[2025-09-18T12:42:28.654+0000] {processor.py:183} INFO - Processing /opt/airflow/dags/hello_world_dag.py took 0.116 seconds
[2025-09-18T12:42:59.402+0000] {processor.py:161} INFO - Started process (PID=6910) to work on /opt/airflow/dags/hello_world_dag.py
[2025-09-18T12:42:59.403+0000] {processor.py:830} INFO - Processing file /opt/airflow/dags/hello_world_dag.py for tasks to queue
[2025-09-18T12:42:59.404+0000] {logging_mixin.py:188} INFO - [2025-09-18T12:42:59.404+0000] {dagbag.py:545} INFO - Filling up the DagBag from /opt/airflow/dags/hello_world_dag.py
[2025-09-18T12:42:59.420+0000] {processor.py:840} INFO - DAG(s) 'hello_taskflow' retrieved from /opt/airflow/dags/hello_world_dag.py
[2025-09-18T12:42:59.457+0000] {logging_mixin.py:188} INFO - [2025-09-18T12:42:59.457+0000] {dag.py:3089} INFO - Sync 1 DAGs
[2025-09-18T12:42:59.484+0000] {logging_mixin.py:188} INFO - [2025-09-18T12:42:59.484+0000] {dag.py:3947} INFO - Setting next_dagrun for hello_taskflow to 2025-09-18 00:00:00+00:00, run_after=2025-09-19 00:00:00+00:00
[2025-09-18T12:42:59.512+0000] {processor.py:183} INFO - Processing /opt/airflow/dags/hello_world_dag.py took 0.115 seconds
[2025-09-18T12:43:30.186+0000] {processor.py:161} INFO - Started process (PID=6925) to work on /opt/airflow/dags/hello_world_dag.py
[2025-09-18T12:43:30.188+0000] {processor.py:830} INFO - Processing file /opt/airflow/dags/hello_world_dag.py for tasks to queue
[2025-09-18T12:43:30.189+0000] {logging_mixin.py:188} INFO - [2025-09-18T12:43:30.188+0000] {dagbag.py:545} INFO - Filling up the DagBag from /opt/airflow/dags/hello_world_dag.py
[2025-09-18T12:43:30.207+0000] {processor.py:840} INFO - DAG(s) 'hello_taskflow' retrieved from /opt/airflow/dags/hello_world_dag.py
[2025-09-18T12:43:30.240+0000] {logging_mixin.py:188} INFO - [2025-09-18T12:43:30.239+0000] {dag.py:3089} INFO - Sync 1 DAGs
[2025-09-18T12:43:30.264+0000] {logging_mixin.py:188} INFO - [2025-09-18T12:43:30.264+0000] {dag.py:3947} INFO - Setting next_dagrun for hello_taskflow to 2025-09-18 00:00:00+00:00, run_after=2025-09-19 00:00:00+00:00
[2025-09-18T12:43:30.290+0000] {processor.py:183} INFO - Processing /opt/airflow/dags/hello_world_dag.py took 0.111 seconds
[2025-09-18T12:44:00.998+0000] {processor.py:161} INFO - Started process (PID=6940) to work on /opt/airflow/dags/hello_world_dag.py
[2025-09-18T12:44:00.999+0000] {processor.py:830} INFO - Processing file /opt/airflow/dags/hello_world_dag.py for tasks to queue
[2025-09-18T12:44:01.000+0000] {logging_mixin.py:188} INFO - [2025-09-18T12:44:01.000+0000] {dagbag.py:545} INFO - Filling up the DagBag from /opt/airflow/dags/hello_world_dag.py
[2025-09-18T12:44:01.020+0000] {processor.py:840} INFO - DAG(s) 'hello_taskflow' retrieved from /opt/airflow/dags/hello_world_dag.py
[2025-09-18T12:44:01.056+0000] {logging_mixin.py:188} INFO - [2025-09-18T12:44:01.056+0000] {dag.py:3089} INFO - Sync 1 DAGs
[2025-09-18T12:44:01.084+0000] {logging_mixin.py:188} INFO - [2025-09-18T12:44:01.083+0000] {dag.py:3947} INFO - Setting next_dagrun for hello_taskflow to 2025-09-18 00:00:00+00:00, run_after=2025-09-19 00:00:00+00:00
[2025-09-18T12:44:01.363+0000] {processor.py:183} INFO - Processing /opt/airflow/dags/hello_world_dag.py took 0.371 seconds
[2025-09-18T12:44:32.266+0000] {processor.py:161} INFO - Started process (PID=6955) to work on /opt/airflow/dags/hello_world_dag.py
[2025-09-18T12:44:32.267+0000] {processor.py:830} INFO - Processing file /opt/airflow/dags/hello_world_dag.py for tasks to queue
[2025-09-18T12:44:32.268+0000] {logging_mixin.py:188} INFO - [2025-09-18T12:44:32.268+0000] {dagbag.py:545} INFO - Filling up the DagBag from /opt/airflow/dags/hello_world_dag.py
[2025-09-18T12:44:32.285+0000] {processor.py:840} INFO - DAG(s) 'hello_taskflow' retrieved from /opt/airflow/dags/hello_world_dag.py
[2025-09-18T12:44:32.319+0000] {logging_mixin.py:188} INFO - [2025-09-18T12:44:32.319+0000] {dag.py:3089} INFO - Sync 1 DAGs
[2025-09-18T12:44:32.349+0000] {logging_mixin.py:188} INFO - [2025-09-18T12:44:32.349+0000] {dag.py:3947} INFO - Setting next_dagrun for hello_taskflow to 2025-09-18 00:00:00+00:00, run_after=2025-09-19 00:00:00+00:00
[2025-09-18T12:44:32.379+0000] {processor.py:183} INFO - Processing /opt/airflow/dags/hello_world_dag.py took 0.118 seconds
[2025-09-18T12:45:03.115+0000] {processor.py:161} INFO - Started process (PID=6970) to work on /opt/airflow/dags/hello_world_dag.py
[2025-09-18T12:45:03.117+0000] {processor.py:830} INFO - Processing file /opt/airflow/dags/hello_world_dag.py for tasks to queue
[2025-09-18T12:45:03.117+0000] {logging_mixin.py:188} INFO - [2025-09-18T12:45:03.117+0000] {dagbag.py:545} INFO - Filling up the DagBag from /opt/airflow/dags/hello_world_dag.py
[2025-09-18T12:45:03.135+0000] {processor.py:840} INFO - DAG(s) 'hello_taskflow' retrieved from /opt/airflow/dags/hello_world_dag.py
[2025-09-18T12:45:03.168+0000] {logging_mixin.py:188} INFO - [2025-09-18T12:45:03.167+0000] {dag.py:3089} INFO - Sync 1 DAGs
[2025-09-18T12:45:03.196+0000] {logging_mixin.py:188} INFO - [2025-09-18T12:45:03.196+0000] {dag.py:3947} INFO - Setting next_dagrun for hello_taskflow to 2025-09-18 00:00:00+00:00, run_after=2025-09-19 00:00:00+00:00
[2025-09-18T12:45:03.224+0000] {processor.py:183} INFO - Processing /opt/airflow/dags/hello_world_dag.py took 0.114 seconds
[2025-09-18T12:45:33.986+0000] {processor.py:161} INFO - Started process (PID=6985) to work on /opt/airflow/dags/hello_world_dag.py
[2025-09-18T12:45:33.987+0000] {processor.py:830} INFO - Processing file /opt/airflow/dags/hello_world_dag.py for tasks to queue
[2025-09-18T12:45:33.987+0000] {logging_mixin.py:188} INFO - [2025-09-18T12:45:33.987+0000] {dagbag.py:545} INFO - Filling up the DagBag from /opt/airflow/dags/hello_world_dag.py
[2025-09-18T12:45:34.003+0000] {processor.py:840} INFO - DAG(s) 'hello_taskflow' retrieved from /opt/airflow/dags/hello_world_dag.py
[2025-09-18T12:45:34.037+0000] {logging_mixin.py:188} INFO - [2025-09-18T12:45:34.037+0000] {dag.py:3089} INFO - Sync 1 DAGs
[2025-09-18T12:45:34.062+0000] {logging_mixin.py:188} INFO - [2025-09-18T12:45:34.062+0000] {dag.py:3947} INFO - Setting next_dagrun for hello_taskflow to 2025-09-18 00:00:00+00:00, run_after=2025-09-19 00:00:00+00:00
[2025-09-18T12:45:34.084+0000] {processor.py:183} INFO - Processing /opt/airflow/dags/hello_world_dag.py took 0.104 seconds
[2025-09-18T12:46:04.300+0000] {processor.py:161} INFO - Started process (PID=7000) to work on /opt/airflow/dags/hello_world_dag.py
[2025-09-18T12:46:04.301+0000] {processor.py:830} INFO - Processing file /opt/airflow/dags/hello_world_dag.py for tasks to queue
[2025-09-18T12:46:04.302+0000] {logging_mixin.py:188} INFO - [2025-09-18T12:46:04.302+0000] {dagbag.py:545} INFO - Filling up the DagBag from /opt/airflow/dags/hello_world_dag.py
[2025-09-18T12:46:04.320+0000] {processor.py:840} INFO - DAG(s) 'hello_taskflow' retrieved from /opt/airflow/dags/hello_world_dag.py
[2025-09-18T12:46:04.353+0000] {logging_mixin.py:188} INFO - [2025-09-18T12:46:04.352+0000] {dag.py:3089} INFO - Sync 1 DAGs
[2025-09-18T12:46:04.379+0000] {logging_mixin.py:188} INFO - [2025-09-18T12:46:04.379+0000] {dag.py:3947} INFO - Setting next_dagrun for hello_taskflow to 2025-09-18 00:00:00+00:00, run_after=2025-09-19 00:00:00+00:00
[2025-09-18T12:46:04.407+0000] {processor.py:183} INFO - Processing /opt/airflow/dags/hello_world_dag.py took 0.115 seconds
[2025-09-18T12:46:35.111+0000] {processor.py:161} INFO - Started process (PID=7015) to work on /opt/airflow/dags/hello_world_dag.py
[2025-09-18T12:46:35.112+0000] {processor.py:830} INFO - Processing file /opt/airflow/dags/hello_world_dag.py for tasks to queue
[2025-09-18T12:46:35.114+0000] {logging_mixin.py:188} INFO - [2025-09-18T12:46:35.113+0000] {dagbag.py:545} INFO - Filling up the DagBag from /opt/airflow/dags/hello_world_dag.py
[2025-09-18T12:46:35.130+0000] {processor.py:840} INFO - DAG(s) 'hello_taskflow' retrieved from /opt/airflow/dags/hello_world_dag.py
[2025-09-18T12:46:35.167+0000] {logging_mixin.py:188} INFO - [2025-09-18T12:46:35.167+0000] {dag.py:3089} INFO - Sync 1 DAGs
[2025-09-18T12:46:35.194+0000] {logging_mixin.py:188} INFO - [2025-09-18T12:46:35.194+0000] {dag.py:3947} INFO - Setting next_dagrun for hello_taskflow to 2025-09-18 00:00:00+00:00, run_after=2025-09-19 00:00:00+00:00
[2025-09-18T12:46:35.223+0000] {processor.py:183} INFO - Processing /opt/airflow/dags/hello_world_dag.py took 0.118 seconds
[2025-09-18T12:47:06.035+0000] {processor.py:161} INFO - Started process (PID=7030) to work on /opt/airflow/dags/hello_world_dag.py
[2025-09-18T12:47:06.037+0000] {processor.py:830} INFO - Processing file /opt/airflow/dags/hello_world_dag.py for tasks to queue
[2025-09-18T12:47:06.038+0000] {logging_mixin.py:188} INFO - [2025-09-18T12:47:06.037+0000] {dagbag.py:545} INFO - Filling up the DagBag from /opt/airflow/dags/hello_world_dag.py
[2025-09-18T12:47:06.057+0000] {processor.py:840} INFO - DAG(s) 'hello_taskflow' retrieved from /opt/airflow/dags/hello_world_dag.py
[2025-09-18T12:47:06.090+0000] {logging_mixin.py:188} INFO - [2025-09-18T12:47:06.090+0000] {dag.py:3089} INFO - Sync 1 DAGs
[2025-09-18T12:47:06.119+0000] {logging_mixin.py:188} INFO - [2025-09-18T12:47:06.119+0000] {dag.py:3947} INFO - Setting next_dagrun for hello_taskflow to 2025-09-18 00:00:00+00:00, run_after=2025-09-19 00:00:00+00:00
[2025-09-18T12:47:06.142+0000] {processor.py:183} INFO - Processing /opt/airflow/dags/hello_world_dag.py took 0.114 seconds
[2025-09-18T12:47:36.913+0000] {processor.py:161} INFO - Started process (PID=7045) to work on /opt/airflow/dags/hello_world_dag.py
[2025-09-18T12:47:36.914+0000] {processor.py:830} INFO - Processing file /opt/airflow/dags/hello_world_dag.py for tasks to queue
[2025-09-18T12:47:36.915+0000] {logging_mixin.py:188} INFO - [2025-09-18T12:47:36.914+0000] {dagbag.py:545} INFO - Filling up the DagBag from /opt/airflow/dags/hello_world_dag.py
[2025-09-18T12:47:36.933+0000] {processor.py:840} INFO - DAG(s) 'hello_taskflow' retrieved from /opt/airflow/dags/hello_world_dag.py
[2025-09-18T12:47:36.967+0000] {logging_mixin.py:188} INFO - [2025-09-18T12:47:36.967+0000] {dag.py:3089} INFO - Sync 1 DAGs
[2025-09-18T12:47:36.992+0000] {logging_mixin.py:188} INFO - [2025-09-18T12:47:36.992+0000] {dag.py:3947} INFO - Setting next_dagrun for hello_taskflow to 2025-09-18 00:00:00+00:00, run_after=2025-09-19 00:00:00+00:00
[2025-09-18T12:47:37.020+0000] {processor.py:183} INFO - Processing /opt/airflow/dags/hello_world_dag.py took 0.114 seconds
[2025-09-18T12:48:07.800+0000] {processor.py:161} INFO - Started process (PID=7060) to work on /opt/airflow/dags/hello_world_dag.py
[2025-09-18T12:48:07.801+0000] {processor.py:830} INFO - Processing file /opt/airflow/dags/hello_world_dag.py for tasks to queue
[2025-09-18T12:48:07.802+0000] {logging_mixin.py:188} INFO - [2025-09-18T12:48:07.802+0000] {dagbag.py:545} INFO - Filling up the DagBag from /opt/airflow/dags/hello_world_dag.py
[2025-09-18T12:48:07.824+0000] {processor.py:840} INFO - DAG(s) 'hello_taskflow' retrieved from /opt/airflow/dags/hello_world_dag.py
[2025-09-18T12:48:07.862+0000] {logging_mixin.py:188} INFO - [2025-09-18T12:48:07.861+0000] {dag.py:3089} INFO - Sync 1 DAGs
[2025-09-18T12:48:07.890+0000] {logging_mixin.py:188} INFO - [2025-09-18T12:48:07.890+0000] {dag.py:3947} INFO - Setting next_dagrun for hello_taskflow to 2025-09-18 00:00:00+00:00, run_after=2025-09-19 00:00:00+00:00
[2025-09-18T12:48:07.918+0000] {processor.py:183} INFO - Processing /opt/airflow/dags/hello_world_dag.py took 0.126 seconds
[2025-09-18T12:48:38.710+0000] {processor.py:161} INFO - Started process (PID=7075) to work on /opt/airflow/dags/hello_world_dag.py
[2025-09-18T12:48:38.711+0000] {processor.py:830} INFO - Processing file /opt/airflow/dags/hello_world_dag.py for tasks to queue
[2025-09-18T12:48:38.712+0000] {logging_mixin.py:188} INFO - [2025-09-18T12:48:38.712+0000] {dagbag.py:545} INFO - Filling up the DagBag from /opt/airflow/dags/hello_world_dag.py
[2025-09-18T12:48:38.730+0000] {processor.py:840} INFO - DAG(s) 'hello_taskflow' retrieved from /opt/airflow/dags/hello_world_dag.py
[2025-09-18T12:48:38.763+0000] {logging_mixin.py:188} INFO - [2025-09-18T12:48:38.763+0000] {dag.py:3089} INFO - Sync 1 DAGs
[2025-09-18T12:48:38.791+0000] {logging_mixin.py:188} INFO - [2025-09-18T12:48:38.791+0000] {dag.py:3947} INFO - Setting next_dagrun for hello_taskflow to 2025-09-18 00:00:00+00:00, run_after=2025-09-19 00:00:00+00:00
[2025-09-18T12:48:38.819+0000] {processor.py:183} INFO - Processing /opt/airflow/dags/hello_world_dag.py took 0.116 seconds
[2025-09-18T12:49:09.586+0000] {processor.py:161} INFO - Started process (PID=7090) to work on /opt/airflow/dags/hello_world_dag.py
[2025-09-18T12:49:09.587+0000] {processor.py:830} INFO - Processing file /opt/airflow/dags/hello_world_dag.py for tasks to queue
[2025-09-18T12:49:09.588+0000] {logging_mixin.py:188} INFO - [2025-09-18T12:49:09.588+0000] {dagbag.py:545} INFO - Filling up the DagBag from /opt/airflow/dags/hello_world_dag.py
[2025-09-18T12:49:09.605+0000] {processor.py:840} INFO - DAG(s) 'hello_taskflow' retrieved from /opt/airflow/dags/hello_world_dag.py
[2025-09-18T12:49:09.636+0000] {logging_mixin.py:188} INFO - [2025-09-18T12:49:09.636+0000] {dag.py:3089} INFO - Sync 1 DAGs
[2025-09-18T12:49:09.665+0000] {logging_mixin.py:188} INFO - [2025-09-18T12:49:09.665+0000] {dag.py:3947} INFO - Setting next_dagrun for hello_taskflow to 2025-09-18 00:00:00+00:00, run_after=2025-09-19 00:00:00+00:00
[2025-09-18T12:49:09.696+0000] {processor.py:183} INFO - Processing /opt/airflow/dags/hello_world_dag.py took 0.117 seconds
[2025-09-18T12:49:40.453+0000] {processor.py:161} INFO - Started process (PID=7105) to work on /opt/airflow/dags/hello_world_dag.py
[2025-09-18T12:49:40.454+0000] {processor.py:830} INFO - Processing file /opt/airflow/dags/hello_world_dag.py for tasks to queue
[2025-09-18T12:49:40.455+0000] {logging_mixin.py:188} INFO - [2025-09-18T12:49:40.455+0000] {dagbag.py:545} INFO - Filling up the DagBag from /opt/airflow/dags/hello_world_dag.py
[2025-09-18T12:49:40.474+0000] {processor.py:840} INFO - DAG(s) 'hello_taskflow' retrieved from /opt/airflow/dags/hello_world_dag.py
[2025-09-18T12:49:40.508+0000] {logging_mixin.py:188} INFO - [2025-09-18T12:49:40.507+0000] {dag.py:3089} INFO - Sync 1 DAGs
[2025-09-18T12:49:40.534+0000] {logging_mixin.py:188} INFO - [2025-09-18T12:49:40.534+0000] {dag.py:3947} INFO - Setting next_dagrun for hello_taskflow to 2025-09-18 00:00:00+00:00, run_after=2025-09-19 00:00:00+00:00
[2025-09-18T12:49:40.560+0000] {processor.py:183} INFO - Processing /opt/airflow/dags/hello_world_dag.py took 0.115 seconds
[2025-09-18T12:50:11.230+0000] {processor.py:161} INFO - Started process (PID=7120) to work on /opt/airflow/dags/hello_world_dag.py
[2025-09-18T12:50:11.231+0000] {processor.py:830} INFO - Processing file /opt/airflow/dags/hello_world_dag.py for tasks to queue
[2025-09-18T12:50:11.232+0000] {logging_mixin.py:188} INFO - [2025-09-18T12:50:11.232+0000] {dagbag.py:545} INFO - Filling up the DagBag from /opt/airflow/dags/hello_world_dag.py
[2025-09-18T12:50:11.252+0000] {processor.py:840} INFO - DAG(s) 'hello_taskflow' retrieved from /opt/airflow/dags/hello_world_dag.py
[2025-09-18T12:50:11.287+0000] {logging_mixin.py:188} INFO - [2025-09-18T12:50:11.287+0000] {dag.py:3089} INFO - Sync 1 DAGs
[2025-09-18T12:50:11.314+0000] {logging_mixin.py:188} INFO - [2025-09-18T12:50:11.313+0000] {dag.py:3947} INFO - Setting next_dagrun for hello_taskflow to 2025-09-18 00:00:00+00:00, run_after=2025-09-19 00:00:00+00:00
[2025-09-18T12:50:11.344+0000] {processor.py:183} INFO - Processing /opt/airflow/dags/hello_world_dag.py took 0.121 seconds
[2025-09-18T12:50:42.137+0000] {processor.py:161} INFO - Started process (PID=7135) to work on /opt/airflow/dags/hello_world_dag.py
[2025-09-18T12:50:42.138+0000] {processor.py:830} INFO - Processing file /opt/airflow/dags/hello_world_dag.py for tasks to queue
[2025-09-18T12:50:42.139+0000] {logging_mixin.py:188} INFO - [2025-09-18T12:50:42.139+0000] {dagbag.py:545} INFO - Filling up the DagBag from /opt/airflow/dags/hello_world_dag.py
[2025-09-18T12:50:42.157+0000] {processor.py:840} INFO - DAG(s) 'hello_taskflow' retrieved from /opt/airflow/dags/hello_world_dag.py
[2025-09-18T12:50:42.194+0000] {logging_mixin.py:188} INFO - [2025-09-18T12:50:42.193+0000] {dag.py:3089} INFO - Sync 1 DAGs
[2025-09-18T12:50:42.223+0000] {logging_mixin.py:188} INFO - [2025-09-18T12:50:42.223+0000] {dag.py:3947} INFO - Setting next_dagrun for hello_taskflow to 2025-09-18 00:00:00+00:00, run_after=2025-09-19 00:00:00+00:00
[2025-09-18T12:50:42.253+0000] {processor.py:183} INFO - Processing /opt/airflow/dags/hello_world_dag.py took 0.121 seconds
[2025-09-18T12:51:12.968+0000] {processor.py:161} INFO - Started process (PID=7150) to work on /opt/airflow/dags/hello_world_dag.py
[2025-09-18T12:51:12.969+0000] {processor.py:830} INFO - Processing file /opt/airflow/dags/hello_world_dag.py for tasks to queue
[2025-09-18T12:51:12.970+0000] {logging_mixin.py:188} INFO - [2025-09-18T12:51:12.970+0000] {dagbag.py:545} INFO - Filling up the DagBag from /opt/airflow/dags/hello_world_dag.py
[2025-09-18T12:51:12.985+0000] {processor.py:840} INFO - DAG(s) 'hello_taskflow' retrieved from /opt/airflow/dags/hello_world_dag.py
[2025-09-18T12:51:13.020+0000] {logging_mixin.py:188} INFO - [2025-09-18T12:51:13.020+0000] {dag.py:3089} INFO - Sync 1 DAGs
[2025-09-18T12:51:13.046+0000] {logging_mixin.py:188} INFO - [2025-09-18T12:51:13.046+0000] {dag.py:3947} INFO - Setting next_dagrun for hello_taskflow to 2025-09-18 00:00:00+00:00, run_after=2025-09-19 00:00:00+00:00
[2025-09-18T12:51:13.073+0000] {processor.py:183} INFO - Processing /opt/airflow/dags/hello_world_dag.py took 0.111 seconds
[2025-09-18T12:51:43.795+0000] {processor.py:161} INFO - Started process (PID=7165) to work on /opt/airflow/dags/hello_world_dag.py
[2025-09-18T12:51:43.796+0000] {processor.py:830} INFO - Processing file /opt/airflow/dags/hello_world_dag.py for tasks to queue
[2025-09-18T12:51:43.797+0000] {logging_mixin.py:188} INFO - [2025-09-18T12:51:43.797+0000] {dagbag.py:545} INFO - Filling up the DagBag from /opt/airflow/dags/hello_world_dag.py
[2025-09-18T12:51:43.816+0000] {processor.py:840} INFO - DAG(s) 'hello_taskflow' retrieved from /opt/airflow/dags/hello_world_dag.py
[2025-09-18T12:51:43.851+0000] {logging_mixin.py:188} INFO - [2025-09-18T12:51:43.850+0000] {dag.py:3089} INFO - Sync 1 DAGs
[2025-09-18T12:51:43.879+0000] {logging_mixin.py:188} INFO - [2025-09-18T12:51:43.879+0000] {dag.py:3947} INFO - Setting next_dagrun for hello_taskflow to 2025-09-18 00:00:00+00:00, run_after=2025-09-19 00:00:00+00:00
[2025-09-18T12:51:43.910+0000] {processor.py:183} INFO - Processing /opt/airflow/dags/hello_world_dag.py took 0.122 seconds
[2025-09-18T12:52:14.649+0000] {processor.py:161} INFO - Started process (PID=7180) to work on /opt/airflow/dags/hello_world_dag.py
[2025-09-18T12:52:14.650+0000] {processor.py:830} INFO - Processing file /opt/airflow/dags/hello_world_dag.py for tasks to queue
[2025-09-18T12:52:14.651+0000] {logging_mixin.py:188} INFO - [2025-09-18T12:52:14.651+0000] {dagbag.py:545} INFO - Filling up the DagBag from /opt/airflow/dags/hello_world_dag.py
[2025-09-18T12:52:14.670+0000] {processor.py:840} INFO - DAG(s) 'hello_taskflow' retrieved from /opt/airflow/dags/hello_world_dag.py
[2025-09-18T12:52:14.706+0000] {logging_mixin.py:188} INFO - [2025-09-18T12:52:14.705+0000] {dag.py:3089} INFO - Sync 1 DAGs
[2025-09-18T12:52:14.733+0000] {logging_mixin.py:188} INFO - [2025-09-18T12:52:14.733+0000] {dag.py:3947} INFO - Setting next_dagrun for hello_taskflow to 2025-09-18 00:00:00+00:00, run_after=2025-09-19 00:00:00+00:00
[2025-09-18T12:52:14.762+0000] {processor.py:183} INFO - Processing /opt/airflow/dags/hello_world_dag.py took 0.120 seconds
[2025-09-18T12:52:45.395+0000] {processor.py:161} INFO - Started process (PID=7195) to work on /opt/airflow/dags/hello_world_dag.py
[2025-09-18T12:52:45.396+0000] {processor.py:830} INFO - Processing file /opt/airflow/dags/hello_world_dag.py for tasks to queue
[2025-09-18T12:52:45.397+0000] {logging_mixin.py:188} INFO - [2025-09-18T12:52:45.396+0000] {dagbag.py:545} INFO - Filling up the DagBag from /opt/airflow/dags/hello_world_dag.py
[2025-09-18T12:52:45.412+0000] {processor.py:840} INFO - DAG(s) 'hello_taskflow' retrieved from /opt/airflow/dags/hello_world_dag.py
[2025-09-18T12:52:45.443+0000] {logging_mixin.py:188} INFO - [2025-09-18T12:52:45.443+0000] {dag.py:3089} INFO - Sync 1 DAGs
[2025-09-18T12:52:45.471+0000] {logging_mixin.py:188} INFO - [2025-09-18T12:52:45.471+0000] {dag.py:3947} INFO - Setting next_dagrun for hello_taskflow to 2025-09-18 00:00:00+00:00, run_after=2025-09-19 00:00:00+00:00
[2025-09-18T12:52:45.498+0000] {processor.py:183} INFO - Processing /opt/airflow/dags/hello_world_dag.py took 0.110 seconds
[2025-09-18T12:53:16.268+0000] {processor.py:161} INFO - Started process (PID=7210) to work on /opt/airflow/dags/hello_world_dag.py
[2025-09-18T12:53:16.269+0000] {processor.py:830} INFO - Processing file /opt/airflow/dags/hello_world_dag.py for tasks to queue
[2025-09-18T12:53:16.270+0000] {logging_mixin.py:188} INFO - [2025-09-18T12:53:16.269+0000] {dagbag.py:545} INFO - Filling up the DagBag from /opt/airflow/dags/hello_world_dag.py
[2025-09-18T12:53:16.287+0000] {processor.py:840} INFO - DAG(s) 'hello_taskflow' retrieved from /opt/airflow/dags/hello_world_dag.py
[2025-09-18T12:53:16.320+0000] {logging_mixin.py:188} INFO - [2025-09-18T12:53:16.319+0000] {dag.py:3089} INFO - Sync 1 DAGs
[2025-09-18T12:53:16.347+0000] {logging_mixin.py:188} INFO - [2025-09-18T12:53:16.347+0000] {dag.py:3947} INFO - Setting next_dagrun for hello_taskflow to 2025-09-18 00:00:00+00:00, run_after=2025-09-19 00:00:00+00:00
[2025-09-18T12:53:16.377+0000] {processor.py:183} INFO - Processing /opt/airflow/dags/hello_world_dag.py took 0.115 seconds
[2025-09-18T12:53:47.176+0000] {processor.py:161} INFO - Started process (PID=7225) to work on /opt/airflow/dags/hello_world_dag.py
[2025-09-18T12:53:47.177+0000] {processor.py:830} INFO - Processing file /opt/airflow/dags/hello_world_dag.py for tasks to queue
[2025-09-18T12:53:47.178+0000] {logging_mixin.py:188} INFO - [2025-09-18T12:53:47.178+0000] {dagbag.py:545} INFO - Filling up the DagBag from /opt/airflow/dags/hello_world_dag.py
[2025-09-18T12:53:47.195+0000] {processor.py:840} INFO - DAG(s) 'hello_taskflow' retrieved from /opt/airflow/dags/hello_world_dag.py
[2025-09-18T12:53:47.226+0000] {logging_mixin.py:188} INFO - [2025-09-18T12:53:47.226+0000] {dag.py:3089} INFO - Sync 1 DAGs
[2025-09-18T12:53:47.255+0000] {logging_mixin.py:188} INFO - [2025-09-18T12:53:47.255+0000] {dag.py:3947} INFO - Setting next_dagrun for hello_taskflow to 2025-09-18 00:00:00+00:00, run_after=2025-09-19 00:00:00+00:00
[2025-09-18T12:53:47.281+0000] {processor.py:183} INFO - Processing /opt/airflow/dags/hello_world_dag.py took 0.112 seconds
[2025-09-18T12:54:17.894+0000] {processor.py:161} INFO - Started process (PID=7240) to work on /opt/airflow/dags/hello_world_dag.py
[2025-09-18T12:54:17.895+0000] {processor.py:830} INFO - Processing file /opt/airflow/dags/hello_world_dag.py for tasks to queue
[2025-09-18T12:54:17.896+0000] {logging_mixin.py:188} INFO - [2025-09-18T12:54:17.896+0000] {dagbag.py:545} INFO - Filling up the DagBag from /opt/airflow/dags/hello_world_dag.py
[2025-09-18T12:54:17.922+0000] {processor.py:840} INFO - DAG(s) 'hello_taskflow' retrieved from /opt/airflow/dags/hello_world_dag.py
[2025-09-18T12:54:17.965+0000] {logging_mixin.py:188} INFO - [2025-09-18T12:54:17.964+0000] {dag.py:3089} INFO - Sync 1 DAGs
[2025-09-18T12:54:17.997+0000] {logging_mixin.py:188} INFO - [2025-09-18T12:54:17.996+0000] {dag.py:3947} INFO - Setting next_dagrun for hello_taskflow to 2025-09-18 00:00:00+00:00, run_after=2025-09-19 00:00:00+00:00
[2025-09-18T12:54:18.027+0000] {processor.py:183} INFO - Processing /opt/airflow/dags/hello_world_dag.py took 0.141 seconds
[2025-09-18T12:54:48.665+0000] {processor.py:161} INFO - Started process (PID=7255) to work on /opt/airflow/dags/hello_world_dag.py
[2025-09-18T12:54:48.666+0000] {processor.py:830} INFO - Processing file /opt/airflow/dags/hello_world_dag.py for tasks to queue
[2025-09-18T12:54:48.667+0000] {logging_mixin.py:188} INFO - [2025-09-18T12:54:48.667+0000] {dagbag.py:545} INFO - Filling up the DagBag from /opt/airflow/dags/hello_world_dag.py
[2025-09-18T12:54:48.688+0000] {processor.py:840} INFO - DAG(s) 'hello_taskflow' retrieved from /opt/airflow/dags/hello_world_dag.py
[2025-09-18T12:54:48.728+0000] {logging_mixin.py:188} INFO - [2025-09-18T12:54:48.727+0000] {dag.py:3089} INFO - Sync 1 DAGs
[2025-09-18T12:54:48.758+0000] {logging_mixin.py:188} INFO - [2025-09-18T12:54:48.758+0000] {dag.py:3947} INFO - Setting next_dagrun for hello_taskflow to 2025-09-18 00:00:00+00:00, run_after=2025-09-19 00:00:00+00:00
[2025-09-18T12:54:48.790+0000] {processor.py:183} INFO - Processing /opt/airflow/dags/hello_world_dag.py took 0.131 seconds
[2025-09-18T12:55:19.494+0000] {processor.py:161} INFO - Started process (PID=7270) to work on /opt/airflow/dags/hello_world_dag.py
[2025-09-18T12:55:19.495+0000] {processor.py:830} INFO - Processing file /opt/airflow/dags/hello_world_dag.py for tasks to queue
[2025-09-18T12:55:19.496+0000] {logging_mixin.py:188} INFO - [2025-09-18T12:55:19.496+0000] {dagbag.py:545} INFO - Filling up the DagBag from /opt/airflow/dags/hello_world_dag.py
[2025-09-18T12:55:19.519+0000] {processor.py:840} INFO - DAG(s) 'hello_taskflow' retrieved from /opt/airflow/dags/hello_world_dag.py
[2025-09-18T12:55:19.553+0000] {logging_mixin.py:188} INFO - [2025-09-18T12:55:19.552+0000] {dag.py:3089} INFO - Sync 1 DAGs
[2025-09-18T12:55:19.581+0000] {logging_mixin.py:188} INFO - [2025-09-18T12:55:19.581+0000] {dag.py:3947} INFO - Setting next_dagrun for hello_taskflow to 2025-09-18 00:00:00+00:00, run_after=2025-09-19 00:00:00+00:00
[2025-09-18T12:55:19.611+0000] {processor.py:183} INFO - Processing /opt/airflow/dags/hello_world_dag.py took 0.126 seconds
[2025-09-18T12:55:50.333+0000] {processor.py:161} INFO - Started process (PID=7285) to work on /opt/airflow/dags/hello_world_dag.py
[2025-09-18T12:55:50.334+0000] {processor.py:830} INFO - Processing file /opt/airflow/dags/hello_world_dag.py for tasks to queue
[2025-09-18T12:55:50.335+0000] {logging_mixin.py:188} INFO - [2025-09-18T12:55:50.335+0000] {dagbag.py:545} INFO - Filling up the DagBag from /opt/airflow/dags/hello_world_dag.py
[2025-09-18T12:55:50.354+0000] {processor.py:840} INFO - DAG(s) 'hello_taskflow' retrieved from /opt/airflow/dags/hello_world_dag.py
[2025-09-18T12:55:50.393+0000] {logging_mixin.py:188} INFO - [2025-09-18T12:55:50.393+0000] {dag.py:3089} INFO - Sync 1 DAGs
[2025-09-18T12:55:50.424+0000] {logging_mixin.py:188} INFO - [2025-09-18T12:55:50.423+0000] {dag.py:3947} INFO - Setting next_dagrun for hello_taskflow to 2025-09-18 00:00:00+00:00, run_after=2025-09-19 00:00:00+00:00
[2025-09-18T12:55:50.454+0000] {processor.py:183} INFO - Processing /opt/airflow/dags/hello_world_dag.py took 0.130 seconds
[2025-09-18T12:56:21.119+0000] {processor.py:161} INFO - Started process (PID=7300) to work on /opt/airflow/dags/hello_world_dag.py
[2025-09-18T12:56:21.120+0000] {processor.py:830} INFO - Processing file /opt/airflow/dags/hello_world_dag.py for tasks to queue
[2025-09-18T12:56:21.121+0000] {logging_mixin.py:188} INFO - [2025-09-18T12:56:21.121+0000] {dagbag.py:545} INFO - Filling up the DagBag from /opt/airflow/dags/hello_world_dag.py
[2025-09-18T12:56:21.136+0000] {processor.py:840} INFO - DAG(s) 'hello_taskflow' retrieved from /opt/airflow/dags/hello_world_dag.py
[2025-09-18T12:56:21.171+0000] {logging_mixin.py:188} INFO - [2025-09-18T12:56:21.171+0000] {dag.py:3089} INFO - Sync 1 DAGs
[2025-09-18T12:56:21.199+0000] {logging_mixin.py:188} INFO - [2025-09-18T12:56:21.199+0000] {dag.py:3947} INFO - Setting next_dagrun for hello_taskflow to 2025-09-18 00:00:00+00:00, run_after=2025-09-19 00:00:00+00:00
[2025-09-18T12:56:21.227+0000] {processor.py:183} INFO - Processing /opt/airflow/dags/hello_world_dag.py took 0.113 seconds
[2025-09-18T12:56:51.997+0000] {processor.py:161} INFO - Started process (PID=7315) to work on /opt/airflow/dags/hello_world_dag.py
[2025-09-18T12:56:51.998+0000] {processor.py:830} INFO - Processing file /opt/airflow/dags/hello_world_dag.py for tasks to queue
[2025-09-18T12:56:51.999+0000] {logging_mixin.py:188} INFO - [2025-09-18T12:56:51.999+0000] {dagbag.py:545} INFO - Filling up the DagBag from /opt/airflow/dags/hello_world_dag.py
[2025-09-18T12:56:52.023+0000] {processor.py:840} INFO - DAG(s) 'hello_taskflow' retrieved from /opt/airflow/dags/hello_world_dag.py
[2025-09-18T12:56:52.059+0000] {logging_mixin.py:188} INFO - [2025-09-18T12:56:52.059+0000] {dag.py:3089} INFO - Sync 1 DAGs
[2025-09-18T12:56:52.083+0000] {logging_mixin.py:188} INFO - [2025-09-18T12:56:52.083+0000] {dag.py:3947} INFO - Setting next_dagrun for hello_taskflow to 2025-09-18 00:00:00+00:00, run_after=2025-09-19 00:00:00+00:00
[2025-09-18T12:56:52.109+0000] {processor.py:183} INFO - Processing /opt/airflow/dags/hello_world_dag.py took 0.121 seconds
[2025-09-18T12:57:22.832+0000] {processor.py:161} INFO - Started process (PID=7330) to work on /opt/airflow/dags/hello_world_dag.py
[2025-09-18T12:57:22.833+0000] {processor.py:830} INFO - Processing file /opt/airflow/dags/hello_world_dag.py for tasks to queue
[2025-09-18T12:57:22.834+0000] {logging_mixin.py:188} INFO - [2025-09-18T12:57:22.834+0000] {dagbag.py:545} INFO - Filling up the DagBag from /opt/airflow/dags/hello_world_dag.py
[2025-09-18T12:57:22.854+0000] {processor.py:840} INFO - DAG(s) 'hello_taskflow' retrieved from /opt/airflow/dags/hello_world_dag.py
[2025-09-18T12:57:22.889+0000] {logging_mixin.py:188} INFO - [2025-09-18T12:57:22.889+0000] {dag.py:3089} INFO - Sync 1 DAGs
[2025-09-18T12:57:22.918+0000] {logging_mixin.py:188} INFO - [2025-09-18T12:57:22.918+0000] {dag.py:3947} INFO - Setting next_dagrun for hello_taskflow to 2025-09-18 00:00:00+00:00, run_after=2025-09-19 00:00:00+00:00
[2025-09-18T12:57:22.946+0000] {processor.py:183} INFO - Processing /opt/airflow/dags/hello_world_dag.py took 0.120 seconds
[2025-09-18T12:57:53.619+0000] {processor.py:161} INFO - Started process (PID=7345) to work on /opt/airflow/dags/hello_world_dag.py
[2025-09-18T12:57:53.621+0000] {processor.py:830} INFO - Processing file /opt/airflow/dags/hello_world_dag.py for tasks to queue
[2025-09-18T12:57:53.622+0000] {logging_mixin.py:188} INFO - [2025-09-18T12:57:53.621+0000] {dagbag.py:545} INFO - Filling up the DagBag from /opt/airflow/dags/hello_world_dag.py
[2025-09-18T12:57:53.641+0000] {processor.py:840} INFO - DAG(s) 'hello_taskflow' retrieved from /opt/airflow/dags/hello_world_dag.py
[2025-09-18T12:57:53.677+0000] {logging_mixin.py:188} INFO - [2025-09-18T12:57:53.677+0000] {dag.py:3089} INFO - Sync 1 DAGs
[2025-09-18T12:57:53.704+0000] {logging_mixin.py:188} INFO - [2025-09-18T12:57:53.704+0000] {dag.py:3947} INFO - Setting next_dagrun for hello_taskflow to 2025-09-18 00:00:00+00:00, run_after=2025-09-19 00:00:00+00:00
[2025-09-18T12:57:53.733+0000] {processor.py:183} INFO - Processing /opt/airflow/dags/hello_world_dag.py took 0.121 seconds
[2025-09-18T12:58:24.020+0000] {processor.py:161} INFO - Started process (PID=7360) to work on /opt/airflow/dags/hello_world_dag.py
[2025-09-18T12:58:24.022+0000] {processor.py:830} INFO - Processing file /opt/airflow/dags/hello_world_dag.py for tasks to queue
[2025-09-18T12:58:24.023+0000] {logging_mixin.py:188} INFO - [2025-09-18T12:58:24.023+0000] {dagbag.py:545} INFO - Filling up the DagBag from /opt/airflow/dags/hello_world_dag.py
[2025-09-18T12:58:24.050+0000] {processor.py:840} INFO - DAG(s) 'hello_taskflow' retrieved from /opt/airflow/dags/hello_world_dag.py
[2025-09-18T12:58:24.082+0000] {logging_mixin.py:188} INFO - [2025-09-18T12:58:24.082+0000] {dag.py:3089} INFO - Sync 1 DAGs
[2025-09-18T12:58:24.111+0000] {logging_mixin.py:188} INFO - [2025-09-18T12:58:24.110+0000] {dag.py:3947} INFO - Setting next_dagrun for hello_taskflow to 2025-09-18 00:00:00+00:00, run_after=2025-09-19 00:00:00+00:00
[2025-09-18T12:58:24.135+0000] {processor.py:183} INFO - Processing /opt/airflow/dags/hello_world_dag.py took 0.122 seconds
[2025-09-18T12:58:54.517+0000] {processor.py:161} INFO - Started process (PID=7375) to work on /opt/airflow/dags/hello_world_dag.py
[2025-09-18T12:58:54.518+0000] {processor.py:830} INFO - Processing file /opt/airflow/dags/hello_world_dag.py for tasks to queue
[2025-09-18T12:58:54.519+0000] {logging_mixin.py:188} INFO - [2025-09-18T12:58:54.519+0000] {dagbag.py:545} INFO - Filling up the DagBag from /opt/airflow/dags/hello_world_dag.py
[2025-09-18T12:58:54.538+0000] {processor.py:840} INFO - DAG(s) 'hello_taskflow' retrieved from /opt/airflow/dags/hello_world_dag.py
[2025-09-18T12:58:54.572+0000] {logging_mixin.py:188} INFO - [2025-09-18T12:58:54.572+0000] {dag.py:3089} INFO - Sync 1 DAGs
[2025-09-18T12:58:54.600+0000] {logging_mixin.py:188} INFO - [2025-09-18T12:58:54.600+0000] {dag.py:3947} INFO - Setting next_dagrun for hello_taskflow to 2025-09-18 00:00:00+00:00, run_after=2025-09-19 00:00:00+00:00
[2025-09-18T12:58:54.630+0000] {processor.py:183} INFO - Processing /opt/airflow/dags/hello_world_dag.py took 0.121 seconds
[2025-09-18T12:59:24.855+0000] {processor.py:161} INFO - Started process (PID=7390) to work on /opt/airflow/dags/hello_world_dag.py
[2025-09-18T12:59:24.856+0000] {processor.py:830} INFO - Processing file /opt/airflow/dags/hello_world_dag.py for tasks to queue
[2025-09-18T12:59:24.858+0000] {logging_mixin.py:188} INFO - [2025-09-18T12:59:24.857+0000] {dagbag.py:545} INFO - Filling up the DagBag from /opt/airflow/dags/hello_world_dag.py
[2025-09-18T12:59:24.881+0000] {processor.py:840} INFO - DAG(s) 'hello_taskflow' retrieved from /opt/airflow/dags/hello_world_dag.py
[2025-09-18T12:59:24.923+0000] {logging_mixin.py:188} INFO - [2025-09-18T12:59:24.923+0000] {dag.py:3089} INFO - Sync 1 DAGs
[2025-09-18T12:59:24.959+0000] {logging_mixin.py:188} INFO - [2025-09-18T12:59:24.958+0000] {dag.py:3947} INFO - Setting next_dagrun for hello_taskflow to 2025-09-18 00:00:00+00:00, run_after=2025-09-19 00:00:00+00:00
[2025-09-18T12:59:24.987+0000] {processor.py:183} INFO - Processing /opt/airflow/dags/hello_world_dag.py took 0.141 seconds
[2025-09-18T12:59:55.322+0000] {processor.py:161} INFO - Started process (PID=7405) to work on /opt/airflow/dags/hello_world_dag.py
[2025-09-18T12:59:55.323+0000] {processor.py:830} INFO - Processing file /opt/airflow/dags/hello_world_dag.py for tasks to queue
[2025-09-18T12:59:55.324+0000] {logging_mixin.py:188} INFO - [2025-09-18T12:59:55.324+0000] {dagbag.py:545} INFO - Filling up the DagBag from /opt/airflow/dags/hello_world_dag.py
[2025-09-18T12:59:55.343+0000] {processor.py:840} INFO - DAG(s) 'hello_taskflow' retrieved from /opt/airflow/dags/hello_world_dag.py
[2025-09-18T12:59:55.377+0000] {logging_mixin.py:188} INFO - [2025-09-18T12:59:55.377+0000] {dag.py:3089} INFO - Sync 1 DAGs
[2025-09-18T12:59:55.403+0000] {logging_mixin.py:188} INFO - [2025-09-18T12:59:55.403+0000] {dag.py:3947} INFO - Setting next_dagrun for hello_taskflow to 2025-09-18 00:00:00+00:00, run_after=2025-09-19 00:00:00+00:00
[2025-09-18T12:59:55.426+0000] {processor.py:183} INFO - Processing /opt/airflow/dags/hello_world_dag.py took 0.110 seconds
[2025-09-18T13:00:25.955+0000] {processor.py:161} INFO - Started process (PID=7420) to work on /opt/airflow/dags/hello_world_dag.py
[2025-09-18T13:00:25.956+0000] {processor.py:830} INFO - Processing file /opt/airflow/dags/hello_world_dag.py for tasks to queue
[2025-09-18T13:00:25.958+0000] {logging_mixin.py:188} INFO - [2025-09-18T13:00:25.957+0000] {dagbag.py:545} INFO - Filling up the DagBag from /opt/airflow/dags/hello_world_dag.py
[2025-09-18T13:00:25.975+0000] {processor.py:840} INFO - DAG(s) 'hello_taskflow' retrieved from /opt/airflow/dags/hello_world_dag.py
[2025-09-18T13:00:26.011+0000] {logging_mixin.py:188} INFO - [2025-09-18T13:00:26.011+0000] {dag.py:3089} INFO - Sync 1 DAGs
[2025-09-18T13:00:26.036+0000] {logging_mixin.py:188} INFO - [2025-09-18T13:00:26.036+0000] {dag.py:3947} INFO - Setting next_dagrun for hello_taskflow to 2025-09-18 00:00:00+00:00, run_after=2025-09-19 00:00:00+00:00
[2025-09-18T13:00:26.061+0000] {processor.py:183} INFO - Processing /opt/airflow/dags/hello_world_dag.py took 0.113 seconds
[2025-09-18T13:00:56.522+0000] {processor.py:161} INFO - Started process (PID=7435) to work on /opt/airflow/dags/hello_world_dag.py
[2025-09-18T13:00:56.523+0000] {processor.py:830} INFO - Processing file /opt/airflow/dags/hello_world_dag.py for tasks to queue
[2025-09-18T13:00:56.524+0000] {logging_mixin.py:188} INFO - [2025-09-18T13:00:56.524+0000] {dagbag.py:545} INFO - Filling up the DagBag from /opt/airflow/dags/hello_world_dag.py
[2025-09-18T13:00:56.543+0000] {processor.py:840} INFO - DAG(s) 'hello_taskflow' retrieved from /opt/airflow/dags/hello_world_dag.py
[2025-09-18T13:00:56.579+0000] {logging_mixin.py:188} INFO - [2025-09-18T13:00:56.578+0000] {dag.py:3089} INFO - Sync 1 DAGs
[2025-09-18T13:00:56.608+0000] {logging_mixin.py:188} INFO - [2025-09-18T13:00:56.608+0000] {dag.py:3947} INFO - Setting next_dagrun for hello_taskflow to 2025-09-18 00:00:00+00:00, run_after=2025-09-19 00:00:00+00:00
[2025-09-18T13:00:56.633+0000] {processor.py:183} INFO - Processing /opt/airflow/dags/hello_world_dag.py took 0.117 seconds
[2025-09-18T13:01:27.207+0000] {processor.py:161} INFO - Started process (PID=7450) to work on /opt/airflow/dags/hello_world_dag.py
[2025-09-18T13:01:27.208+0000] {processor.py:830} INFO - Processing file /opt/airflow/dags/hello_world_dag.py for tasks to queue
[2025-09-18T13:01:27.210+0000] {logging_mixin.py:188} INFO - [2025-09-18T13:01:27.209+0000] {dagbag.py:545} INFO - Filling up the DagBag from /opt/airflow/dags/hello_world_dag.py
[2025-09-18T13:01:27.231+0000] {processor.py:840} INFO - DAG(s) 'hello_taskflow' retrieved from /opt/airflow/dags/hello_world_dag.py
[2025-09-18T13:01:27.271+0000] {logging_mixin.py:188} INFO - [2025-09-18T13:01:27.270+0000] {dag.py:3089} INFO - Sync 1 DAGs
[2025-09-18T13:01:27.299+0000] {logging_mixin.py:188} INFO - [2025-09-18T13:01:27.299+0000] {dag.py:3947} INFO - Setting next_dagrun for hello_taskflow to 2025-09-18 00:00:00+00:00, run_after=2025-09-19 00:00:00+00:00
[2025-09-18T13:01:27.328+0000] {processor.py:183} INFO - Processing /opt/airflow/dags/hello_world_dag.py took 0.129 seconds
[2025-09-18T13:01:57.882+0000] {processor.py:161} INFO - Started process (PID=7465) to work on /opt/airflow/dags/hello_world_dag.py
[2025-09-18T13:01:57.884+0000] {processor.py:830} INFO - Processing file /opt/airflow/dags/hello_world_dag.py for tasks to queue
[2025-09-18T13:01:57.885+0000] {logging_mixin.py:188} INFO - [2025-09-18T13:01:57.885+0000] {dagbag.py:545} INFO - Filling up the DagBag from /opt/airflow/dags/hello_world_dag.py
[2025-09-18T13:01:57.907+0000] {processor.py:840} INFO - DAG(s) 'hello_taskflow' retrieved from /opt/airflow/dags/hello_world_dag.py
[2025-09-18T13:01:57.951+0000] {logging_mixin.py:188} INFO - [2025-09-18T13:01:57.950+0000] {dag.py:3089} INFO - Sync 1 DAGs
[2025-09-18T13:01:57.985+0000] {logging_mixin.py:188} INFO - [2025-09-18T13:01:57.985+0000] {dag.py:3947} INFO - Setting next_dagrun for hello_taskflow to 2025-09-18 00:00:00+00:00, run_after=2025-09-19 00:00:00+00:00
[2025-09-18T13:01:58.014+0000] {processor.py:183} INFO - Processing /opt/airflow/dags/hello_world_dag.py took 0.139 seconds
[2025-09-18T13:02:28.375+0000] {processor.py:161} INFO - Started process (PID=7480) to work on /opt/airflow/dags/hello_world_dag.py
[2025-09-18T13:02:28.377+0000] {processor.py:830} INFO - Processing file /opt/airflow/dags/hello_world_dag.py for tasks to queue
[2025-09-18T13:02:28.378+0000] {logging_mixin.py:188} INFO - [2025-09-18T13:02:28.377+0000] {dagbag.py:545} INFO - Filling up the DagBag from /opt/airflow/dags/hello_world_dag.py
[2025-09-18T13:02:28.395+0000] {processor.py:840} INFO - DAG(s) 'hello_taskflow' retrieved from /opt/airflow/dags/hello_world_dag.py
[2025-09-18T13:02:28.428+0000] {logging_mixin.py:188} INFO - [2025-09-18T13:02:28.428+0000] {dag.py:3089} INFO - Sync 1 DAGs
[2025-09-18T13:02:28.455+0000] {logging_mixin.py:188} INFO - [2025-09-18T13:02:28.454+0000] {dag.py:3947} INFO - Setting next_dagrun for hello_taskflow to 2025-09-18 00:00:00+00:00, run_after=2025-09-19 00:00:00+00:00
[2025-09-18T13:02:28.483+0000] {processor.py:183} INFO - Processing /opt/airflow/dags/hello_world_dag.py took 0.114 seconds
[2025-09-18T13:02:58.976+0000] {processor.py:161} INFO - Started process (PID=7495) to work on /opt/airflow/dags/hello_world_dag.py
[2025-09-18T13:02:58.977+0000] {processor.py:830} INFO - Processing file /opt/airflow/dags/hello_world_dag.py for tasks to queue
[2025-09-18T13:02:58.979+0000] {logging_mixin.py:188} INFO - [2025-09-18T13:02:58.979+0000] {dagbag.py:545} INFO - Filling up the DagBag from /opt/airflow/dags/hello_world_dag.py
[2025-09-18T13:02:59.000+0000] {processor.py:840} INFO - DAG(s) 'hello_taskflow' retrieved from /opt/airflow/dags/hello_world_dag.py
[2025-09-18T13:02:59.038+0000] {logging_mixin.py:188} INFO - [2025-09-18T13:02:59.037+0000] {dag.py:3089} INFO - Sync 1 DAGs
[2025-09-18T13:02:59.067+0000] {logging_mixin.py:188} INFO - [2025-09-18T13:02:59.067+0000] {dag.py:3947} INFO - Setting next_dagrun for hello_taskflow to 2025-09-18 00:00:00+00:00, run_after=2025-09-19 00:00:00+00:00
[2025-09-18T13:02:59.101+0000] {processor.py:183} INFO - Processing /opt/airflow/dags/hello_world_dag.py took 0.131 seconds
[2025-09-18T13:03:29.710+0000] {processor.py:161} INFO - Started process (PID=7510) to work on /opt/airflow/dags/hello_world_dag.py
[2025-09-18T13:03:29.711+0000] {processor.py:830} INFO - Processing file /opt/airflow/dags/hello_world_dag.py for tasks to queue
[2025-09-18T13:03:29.712+0000] {logging_mixin.py:188} INFO - [2025-09-18T13:03:29.712+0000] {dagbag.py:545} INFO - Filling up the DagBag from /opt/airflow/dags/hello_world_dag.py
[2025-09-18T13:03:29.727+0000] {processor.py:840} INFO - DAG(s) 'hello_taskflow' retrieved from /opt/airflow/dags/hello_world_dag.py
[2025-09-18T13:03:29.760+0000] {logging_mixin.py:188} INFO - [2025-09-18T13:03:29.760+0000] {dag.py:3089} INFO - Sync 1 DAGs
[2025-09-18T13:03:29.789+0000] {logging_mixin.py:188} INFO - [2025-09-18T13:03:29.788+0000] {dag.py:3947} INFO - Setting next_dagrun for hello_taskflow to 2025-09-18 00:00:00+00:00, run_after=2025-09-19 00:00:00+00:00
[2025-09-18T13:03:29.817+0000] {processor.py:183} INFO - Processing /opt/airflow/dags/hello_world_dag.py took 0.113 seconds
