[2025-09-18T16:37:56.933+0000] {processor.py:161} INFO - Started process (PID=1841) to work on /opt/airflow/dags/taskgroup.py
[2025-09-18T16:37:56.935+0000] {processor.py:830} INFO - Processing file /opt/airflow/dags/taskgroup.py for tasks to queue
[2025-09-18T16:37:56.936+0000] {logging_mixin.py:188} INFO - [2025-09-18T16:37:56.936+0000] {dagbag.py:545} INFO - Filling up the DagBag from /opt/airflow/dags/taskgroup.py
[2025-09-18T16:37:56.958+0000] {processor.py:840} INFO - DAG(s) 'tg_minimal' retrieved from /opt/airflow/dags/taskgroup.py
[2025-09-18T16:37:57.132+0000] {logging_mixin.py:188} INFO - [2025-09-18T16:37:57.131+0000] {override.py:1858} INFO - Created Permission View: can delete on DAG:tg_minimal
[2025-09-18T16:37:57.148+0000] {logging_mixin.py:188} INFO - [2025-09-18T16:37:57.147+0000] {override.py:1858} INFO - Created Permission View: can read on DAG:tg_minimal
[2025-09-18T16:37:57.160+0000] {logging_mixin.py:188} INFO - [2025-09-18T16:37:57.160+0000] {override.py:1858} INFO - Created Permission View: can edit on DAG:tg_minimal
[2025-09-18T16:37:57.161+0000] {logging_mixin.py:188} INFO - [2025-09-18T16:37:57.161+0000] {dag.py:3089} INFO - Sync 1 DAGs
[2025-09-18T16:37:57.175+0000] {logging_mixin.py:188} INFO - [2025-09-18T16:37:57.175+0000] {dag.py:3111} INFO - Creating ORM DAG for tg_minimal
[2025-09-18T16:37:57.176+0000] {logging_mixin.py:188} INFO - [2025-09-18T16:37:57.176+0000] {dag.py:3947} INFO - Setting next_dagrun for tg_minimal to None, run_after=None
[2025-09-18T16:37:57.209+0000] {processor.py:183} INFO - Processing /opt/airflow/dags/taskgroup.py took 0.281 seconds
[2025-09-18T16:38:28.038+0000] {processor.py:161} INFO - Started process (PID=1872) to work on /opt/airflow/dags/taskgroup.py
[2025-09-18T16:38:28.039+0000] {processor.py:830} INFO - Processing file /opt/airflow/dags/taskgroup.py for tasks to queue
[2025-09-18T16:38:28.041+0000] {logging_mixin.py:188} INFO - [2025-09-18T16:38:28.041+0000] {dagbag.py:545} INFO - Filling up the DagBag from /opt/airflow/dags/taskgroup.py
[2025-09-18T16:38:28.056+0000] {processor.py:840} INFO - DAG(s) 'tg_minimal' retrieved from /opt/airflow/dags/taskgroup.py
[2025-09-18T16:38:28.090+0000] {logging_mixin.py:188} INFO - [2025-09-18T16:38:28.089+0000] {dag.py:3089} INFO - Sync 1 DAGs
[2025-09-18T16:38:28.104+0000] {logging_mixin.py:188} INFO - [2025-09-18T16:38:28.104+0000] {dag.py:3947} INFO - Setting next_dagrun for tg_minimal to None, run_after=None
[2025-09-18T16:38:28.131+0000] {processor.py:183} INFO - Processing /opt/airflow/dags/taskgroup.py took 0.099 seconds
[2025-09-18T16:38:58.872+0000] {processor.py:161} INFO - Started process (PID=1897) to work on /opt/airflow/dags/taskgroup.py
[2025-09-18T16:38:58.873+0000] {processor.py:830} INFO - Processing file /opt/airflow/dags/taskgroup.py for tasks to queue
[2025-09-18T16:38:58.875+0000] {logging_mixin.py:188} INFO - [2025-09-18T16:38:58.875+0000] {dagbag.py:545} INFO - Filling up the DagBag from /opt/airflow/dags/taskgroup.py
[2025-09-18T16:38:58.893+0000] {processor.py:840} INFO - DAG(s) 'tg_minimal' retrieved from /opt/airflow/dags/taskgroup.py
[2025-09-18T16:38:58.930+0000] {logging_mixin.py:188} INFO - [2025-09-18T16:38:58.930+0000] {dag.py:3089} INFO - Sync 1 DAGs
[2025-09-18T16:38:58.945+0000] {logging_mixin.py:188} INFO - [2025-09-18T16:38:58.944+0000] {dag.py:3947} INFO - Setting next_dagrun for tg_minimal to None, run_after=None
[2025-09-18T16:38:58.973+0000] {processor.py:183} INFO - Processing /opt/airflow/dags/taskgroup.py took 0.107 seconds
