[2025-09-18T12:33:09.684+0000] {processor.py:161} INFO - Started process (PID=6615) to work on /opt/airflow/dags/xcom.py
[2025-09-18T12:33:09.724+0000] {processor.py:830} INFO - Processing file /opt/airflow/dags/xcom.py for tasks to queue
[2025-09-18T12:33:09.773+0000] {logging_mixin.py:188} INFO - [2025-09-18T12:33:09.736+0000] {dagbag.py:545} INFO - Filling up the DagBag from /opt/airflow/dags/xcom.py
[2025-09-18T12:33:12.728+0000] {processor.py:840} INFO - DAG(s) 'xcom_intro' retrieved from /opt/airflow/dags/xcom.py
[2025-09-18T12:33:13.148+0000] {logging_mixin.py:188} INFO - [2025-09-18T12:33:13.147+0000] {dag.py:3089} INFO - Sync 1 DAGs
[2025-09-18T12:33:13.299+0000] {logging_mixin.py:188} INFO - [2025-09-18T12:33:13.298+0000] {dag.py:3947} INFO - Setting next_dagrun for xcom_intro to None, run_after=None
[2025-09-18T12:33:13.514+0000] {processor.py:183} INFO - Processing /opt/airflow/dags/xcom.py took 4.119 seconds
[2025-09-18T12:33:44.605+0000] {processor.py:161} INFO - Started process (PID=6635) to work on /opt/airflow/dags/xcom.py
[2025-09-18T12:33:44.609+0000] {processor.py:830} INFO - Processing file /opt/airflow/dags/xcom.py for tasks to queue
[2025-09-18T12:33:44.611+0000] {logging_mixin.py:188} INFO - [2025-09-18T12:33:44.611+0000] {dagbag.py:545} INFO - Filling up the DagBag from /opt/airflow/dags/xcom.py
[2025-09-18T12:33:44.694+0000] {processor.py:840} INFO - DAG(s) 'xcom_intro' retrieved from /opt/airflow/dags/xcom.py
[2025-09-18T12:33:44.779+0000] {logging_mixin.py:188} INFO - [2025-09-18T12:33:44.779+0000] {dag.py:3089} INFO - Sync 1 DAGs
[2025-09-18T12:33:44.821+0000] {logging_mixin.py:188} INFO - [2025-09-18T12:33:44.821+0000] {dag.py:3947} INFO - Setting next_dagrun for xcom_intro to None, run_after=None
[2025-09-18T12:33:44.883+0000] {processor.py:183} INFO - Processing /opt/airflow/dags/xcom.py took 0.295 seconds
[2025-09-18T12:34:15.324+0000] {processor.py:161} INFO - Started process (PID=6650) to work on /opt/airflow/dags/xcom.py
[2025-09-18T12:34:15.326+0000] {processor.py:830} INFO - Processing file /opt/airflow/dags/xcom.py for tasks to queue
[2025-09-18T12:34:15.329+0000] {logging_mixin.py:188} INFO - [2025-09-18T12:34:15.328+0000] {dagbag.py:545} INFO - Filling up the DagBag from /opt/airflow/dags/xcom.py
[2025-09-18T12:34:15.403+0000] {processor.py:840} INFO - DAG(s) 'xcom_intro' retrieved from /opt/airflow/dags/xcom.py
[2025-09-18T12:34:15.496+0000] {logging_mixin.py:188} INFO - [2025-09-18T12:34:15.496+0000] {dag.py:3089} INFO - Sync 1 DAGs
[2025-09-18T12:34:15.530+0000] {logging_mixin.py:188} INFO - [2025-09-18T12:34:15.529+0000] {dag.py:3947} INFO - Setting next_dagrun for xcom_intro to None, run_after=None
[2025-09-18T12:34:15.579+0000] {processor.py:183} INFO - Processing /opt/airflow/dags/xcom.py took 0.270 seconds
[2025-09-18T12:34:46.554+0000] {processor.py:161} INFO - Started process (PID=6665) to work on /opt/airflow/dags/xcom.py
[2025-09-18T12:34:46.555+0000] {processor.py:830} INFO - Processing file /opt/airflow/dags/xcom.py for tasks to queue
[2025-09-18T12:34:46.556+0000] {logging_mixin.py:188} INFO - [2025-09-18T12:34:46.556+0000] {dagbag.py:545} INFO - Filling up the DagBag from /opt/airflow/dags/xcom.py
[2025-09-18T12:34:46.584+0000] {processor.py:840} INFO - DAG(s) 'xcom_intro' retrieved from /opt/airflow/dags/xcom.py
[2025-09-18T12:34:46.623+0000] {logging_mixin.py:188} INFO - [2025-09-18T12:34:46.623+0000] {dag.py:3089} INFO - Sync 1 DAGs
[2025-09-18T12:34:46.638+0000] {logging_mixin.py:188} INFO - [2025-09-18T12:34:46.638+0000] {dag.py:3947} INFO - Setting next_dagrun for xcom_intro to None, run_after=None
[2025-09-18T12:34:46.661+0000] {processor.py:183} INFO - Processing /opt/airflow/dags/xcom.py took 0.114 seconds
[2025-09-18T12:35:17.031+0000] {processor.py:161} INFO - Started process (PID=6680) to work on /opt/airflow/dags/xcom.py
[2025-09-18T12:35:17.032+0000] {processor.py:830} INFO - Processing file /opt/airflow/dags/xcom.py for tasks to queue
[2025-09-18T12:35:17.033+0000] {logging_mixin.py:188} INFO - [2025-09-18T12:35:17.033+0000] {dagbag.py:545} INFO - Filling up the DagBag from /opt/airflow/dags/xcom.py
[2025-09-18T12:35:17.065+0000] {processor.py:840} INFO - DAG(s) 'xcom_intro' retrieved from /opt/airflow/dags/xcom.py
[2025-09-18T12:35:17.103+0000] {logging_mixin.py:188} INFO - [2025-09-18T12:35:17.103+0000] {dag.py:3089} INFO - Sync 1 DAGs
[2025-09-18T12:35:17.118+0000] {logging_mixin.py:188} INFO - [2025-09-18T12:35:17.118+0000] {dag.py:3947} INFO - Setting next_dagrun for xcom_intro to None, run_after=None
[2025-09-18T12:35:17.142+0000] {processor.py:183} INFO - Processing /opt/airflow/dags/xcom.py took 0.119 seconds
[2025-09-18T12:35:47.543+0000] {processor.py:161} INFO - Started process (PID=6695) to work on /opt/airflow/dags/xcom.py
[2025-09-18T12:35:47.544+0000] {processor.py:830} INFO - Processing file /opt/airflow/dags/xcom.py for tasks to queue
[2025-09-18T12:35:47.545+0000] {logging_mixin.py:188} INFO - [2025-09-18T12:35:47.545+0000] {dagbag.py:545} INFO - Filling up the DagBag from /opt/airflow/dags/xcom.py
[2025-09-18T12:35:47.572+0000] {processor.py:840} INFO - DAG(s) 'xcom_intro' retrieved from /opt/airflow/dags/xcom.py
[2025-09-18T12:35:47.612+0000] {logging_mixin.py:188} INFO - [2025-09-18T12:35:47.611+0000] {dag.py:3089} INFO - Sync 1 DAGs
[2025-09-18T12:35:47.628+0000] {logging_mixin.py:188} INFO - [2025-09-18T12:35:47.628+0000] {dag.py:3947} INFO - Setting next_dagrun for xcom_intro to None, run_after=None
[2025-09-18T12:35:47.658+0000] {processor.py:183} INFO - Processing /opt/airflow/dags/xcom.py took 0.121 seconds
[2025-09-18T12:36:18.099+0000] {processor.py:161} INFO - Started process (PID=6710) to work on /opt/airflow/dags/xcom.py
[2025-09-18T12:36:18.101+0000] {processor.py:830} INFO - Processing file /opt/airflow/dags/xcom.py for tasks to queue
[2025-09-18T12:36:18.102+0000] {logging_mixin.py:188} INFO - [2025-09-18T12:36:18.101+0000] {dagbag.py:545} INFO - Filling up the DagBag from /opt/airflow/dags/xcom.py
[2025-09-18T12:36:18.128+0000] {processor.py:840} INFO - DAG(s) 'xcom_intro' retrieved from /opt/airflow/dags/xcom.py
[2025-09-18T12:36:18.168+0000] {logging_mixin.py:188} INFO - [2025-09-18T12:36:18.168+0000] {dag.py:3089} INFO - Sync 1 DAGs
[2025-09-18T12:36:18.185+0000] {logging_mixin.py:188} INFO - [2025-09-18T12:36:18.185+0000] {dag.py:3947} INFO - Setting next_dagrun for xcom_intro to None, run_after=None
[2025-09-18T12:36:18.210+0000] {processor.py:183} INFO - Processing /opt/airflow/dags/xcom.py took 0.116 seconds
[2025-09-18T12:36:48.790+0000] {processor.py:161} INFO - Started process (PID=6725) to work on /opt/airflow/dags/xcom.py
[2025-09-18T12:36:48.791+0000] {processor.py:830} INFO - Processing file /opt/airflow/dags/xcom.py for tasks to queue
[2025-09-18T12:36:48.792+0000] {logging_mixin.py:188} INFO - [2025-09-18T12:36:48.791+0000] {dagbag.py:545} INFO - Filling up the DagBag from /opt/airflow/dags/xcom.py
[2025-09-18T12:36:48.817+0000] {processor.py:840} INFO - DAG(s) 'xcom_intro' retrieved from /opt/airflow/dags/xcom.py
[2025-09-18T12:36:48.853+0000] {logging_mixin.py:188} INFO - [2025-09-18T12:36:48.852+0000] {dag.py:3089} INFO - Sync 1 DAGs
[2025-09-18T12:36:48.866+0000] {logging_mixin.py:188} INFO - [2025-09-18T12:36:48.866+0000] {dag.py:3947} INFO - Setting next_dagrun for xcom_intro to None, run_after=None
[2025-09-18T12:36:48.890+0000] {processor.py:183} INFO - Processing /opt/airflow/dags/xcom.py took 0.106 seconds
[2025-09-18T12:37:19.575+0000] {processor.py:161} INFO - Started process (PID=6740) to work on /opt/airflow/dags/xcom.py
[2025-09-18T12:37:19.576+0000] {processor.py:830} INFO - Processing file /opt/airflow/dags/xcom.py for tasks to queue
[2025-09-18T12:37:19.577+0000] {logging_mixin.py:188} INFO - [2025-09-18T12:37:19.577+0000] {dagbag.py:545} INFO - Filling up the DagBag from /opt/airflow/dags/xcom.py
[2025-09-18T12:37:19.606+0000] {processor.py:840} INFO - DAG(s) 'xcom_intro' retrieved from /opt/airflow/dags/xcom.py
[2025-09-18T12:37:19.640+0000] {logging_mixin.py:188} INFO - [2025-09-18T12:37:19.640+0000] {dag.py:3089} INFO - Sync 1 DAGs
[2025-09-18T12:37:19.654+0000] {logging_mixin.py:188} INFO - [2025-09-18T12:37:19.653+0000] {dag.py:3947} INFO - Setting next_dagrun for xcom_intro to None, run_after=None
[2025-09-18T12:37:19.693+0000] {processor.py:183} INFO - Processing /opt/airflow/dags/xcom.py took 0.126 seconds
[2025-09-18T12:37:50.485+0000] {processor.py:161} INFO - Started process (PID=6755) to work on /opt/airflow/dags/xcom.py
[2025-09-18T12:37:50.486+0000] {processor.py:830} INFO - Processing file /opt/airflow/dags/xcom.py for tasks to queue
[2025-09-18T12:37:50.488+0000] {logging_mixin.py:188} INFO - [2025-09-18T12:37:50.487+0000] {dagbag.py:545} INFO - Filling up the DagBag from /opt/airflow/dags/xcom.py
[2025-09-18T12:37:50.517+0000] {processor.py:840} INFO - DAG(s) 'xcom_intro' retrieved from /opt/airflow/dags/xcom.py
[2025-09-18T12:37:50.554+0000] {logging_mixin.py:188} INFO - [2025-09-18T12:37:50.554+0000] {dag.py:3089} INFO - Sync 1 DAGs
[2025-09-18T12:37:50.571+0000] {logging_mixin.py:188} INFO - [2025-09-18T12:37:50.571+0000] {dag.py:3947} INFO - Setting next_dagrun for xcom_intro to None, run_after=None
[2025-09-18T12:37:50.597+0000] {processor.py:183} INFO - Processing /opt/airflow/dags/xcom.py took 0.119 seconds
[2025-09-18T12:38:21.202+0000] {processor.py:161} INFO - Started process (PID=6770) to work on /opt/airflow/dags/xcom.py
[2025-09-18T12:38:21.204+0000] {processor.py:830} INFO - Processing file /opt/airflow/dags/xcom.py for tasks to queue
[2025-09-18T12:38:21.205+0000] {logging_mixin.py:188} INFO - [2025-09-18T12:38:21.205+0000] {dagbag.py:545} INFO - Filling up the DagBag from /opt/airflow/dags/xcom.py
[2025-09-18T12:38:21.237+0000] {processor.py:840} INFO - DAG(s) 'xcom_intro' retrieved from /opt/airflow/dags/xcom.py
[2025-09-18T12:38:21.273+0000] {logging_mixin.py:188} INFO - [2025-09-18T12:38:21.273+0000] {dag.py:3089} INFO - Sync 1 DAGs
[2025-09-18T12:38:21.288+0000] {logging_mixin.py:188} INFO - [2025-09-18T12:38:21.288+0000] {dag.py:3947} INFO - Setting next_dagrun for xcom_intro to None, run_after=None
[2025-09-18T12:38:21.310+0000] {processor.py:183} INFO - Processing /opt/airflow/dags/xcom.py took 0.115 seconds
[2025-09-18T12:38:51.721+0000] {processor.py:161} INFO - Started process (PID=6785) to work on /opt/airflow/dags/xcom.py
[2025-09-18T12:38:51.723+0000] {processor.py:830} INFO - Processing file /opt/airflow/dags/xcom.py for tasks to queue
[2025-09-18T12:38:51.724+0000] {logging_mixin.py:188} INFO - [2025-09-18T12:38:51.723+0000] {dagbag.py:545} INFO - Filling up the DagBag from /opt/airflow/dags/xcom.py
[2025-09-18T12:38:51.753+0000] {processor.py:840} INFO - DAG(s) 'xcom_intro' retrieved from /opt/airflow/dags/xcom.py
[2025-09-18T12:38:51.788+0000] {logging_mixin.py:188} INFO - [2025-09-18T12:38:51.788+0000] {dag.py:3089} INFO - Sync 1 DAGs
[2025-09-18T12:38:51.806+0000] {logging_mixin.py:188} INFO - [2025-09-18T12:38:51.805+0000] {dag.py:3947} INFO - Setting next_dagrun for xcom_intro to None, run_after=None
[2025-09-18T12:38:51.833+0000] {processor.py:183} INFO - Processing /opt/airflow/dags/xcom.py took 0.118 seconds
[2025-09-18T12:39:22.127+0000] {processor.py:161} INFO - Started process (PID=6800) to work on /opt/airflow/dags/xcom.py
[2025-09-18T12:39:22.128+0000] {processor.py:830} INFO - Processing file /opt/airflow/dags/xcom.py for tasks to queue
[2025-09-18T12:39:22.129+0000] {logging_mixin.py:188} INFO - [2025-09-18T12:39:22.129+0000] {dagbag.py:545} INFO - Filling up the DagBag from /opt/airflow/dags/xcom.py
[2025-09-18T12:39:22.156+0000] {processor.py:840} INFO - DAG(s) 'xcom_intro' retrieved from /opt/airflow/dags/xcom.py
[2025-09-18T12:39:22.195+0000] {logging_mixin.py:188} INFO - [2025-09-18T12:39:22.194+0000] {dag.py:3089} INFO - Sync 1 DAGs
[2025-09-18T12:39:22.211+0000] {logging_mixin.py:188} INFO - [2025-09-18T12:39:22.211+0000] {dag.py:3947} INFO - Setting next_dagrun for xcom_intro to None, run_after=None
[2025-09-18T12:39:22.232+0000] {processor.py:183} INFO - Processing /opt/airflow/dags/xcom.py took 0.112 seconds
[2025-09-18T12:39:52.643+0000] {processor.py:161} INFO - Started process (PID=6815) to work on /opt/airflow/dags/xcom.py
[2025-09-18T12:39:52.644+0000] {processor.py:830} INFO - Processing file /opt/airflow/dags/xcom.py for tasks to queue
[2025-09-18T12:39:52.645+0000] {logging_mixin.py:188} INFO - [2025-09-18T12:39:52.645+0000] {dagbag.py:545} INFO - Filling up the DagBag from /opt/airflow/dags/xcom.py
[2025-09-18T12:39:52.677+0000] {processor.py:840} INFO - DAG(s) 'xcom_intro' retrieved from /opt/airflow/dags/xcom.py
[2025-09-18T12:39:52.718+0000] {logging_mixin.py:188} INFO - [2025-09-18T12:39:52.718+0000] {dag.py:3089} INFO - Sync 1 DAGs
[2025-09-18T12:39:52.736+0000] {logging_mixin.py:188} INFO - [2025-09-18T12:39:52.735+0000] {dag.py:3947} INFO - Setting next_dagrun for xcom_intro to None, run_after=None
[2025-09-18T12:39:52.768+0000] {processor.py:183} INFO - Processing /opt/airflow/dags/xcom.py took 0.132 seconds
[2025-09-18T12:40:23.188+0000] {processor.py:161} INFO - Started process (PID=6830) to work on /opt/airflow/dags/xcom.py
[2025-09-18T12:40:23.190+0000] {processor.py:830} INFO - Processing file /opt/airflow/dags/xcom.py for tasks to queue
[2025-09-18T12:40:23.191+0000] {logging_mixin.py:188} INFO - [2025-09-18T12:40:23.191+0000] {dagbag.py:545} INFO - Filling up the DagBag from /opt/airflow/dags/xcom.py
[2025-09-18T12:40:23.231+0000] {processor.py:840} INFO - DAG(s) 'xcom_intro' retrieved from /opt/airflow/dags/xcom.py
[2025-09-18T12:40:23.268+0000] {logging_mixin.py:188} INFO - [2025-09-18T12:40:23.268+0000] {dag.py:3089} INFO - Sync 1 DAGs
[2025-09-18T12:40:23.283+0000] {logging_mixin.py:188} INFO - [2025-09-18T12:40:23.282+0000] {dag.py:3947} INFO - Setting next_dagrun for xcom_intro to None, run_after=None
[2025-09-18T12:40:23.305+0000] {processor.py:183} INFO - Processing /opt/airflow/dags/xcom.py took 0.124 seconds
[2025-09-18T12:40:54.031+0000] {processor.py:161} INFO - Started process (PID=6845) to work on /opt/airflow/dags/xcom.py
[2025-09-18T12:40:54.032+0000] {processor.py:830} INFO - Processing file /opt/airflow/dags/xcom.py for tasks to queue
[2025-09-18T12:40:54.033+0000] {logging_mixin.py:188} INFO - [2025-09-18T12:40:54.033+0000] {dagbag.py:545} INFO - Filling up the DagBag from /opt/airflow/dags/xcom.py
[2025-09-18T12:40:54.060+0000] {processor.py:840} INFO - DAG(s) 'xcom_intro' retrieved from /opt/airflow/dags/xcom.py
[2025-09-18T12:40:54.095+0000] {logging_mixin.py:188} INFO - [2025-09-18T12:40:54.095+0000] {dag.py:3089} INFO - Sync 1 DAGs
[2025-09-18T12:40:54.110+0000] {logging_mixin.py:188} INFO - [2025-09-18T12:40:54.109+0000] {dag.py:3947} INFO - Setting next_dagrun for xcom_intro to None, run_after=None
[2025-09-18T12:40:54.138+0000] {processor.py:183} INFO - Processing /opt/airflow/dags/xcom.py took 0.114 seconds
[2025-09-18T12:41:24.735+0000] {processor.py:161} INFO - Started process (PID=6860) to work on /opt/airflow/dags/xcom.py
[2025-09-18T12:41:24.737+0000] {processor.py:830} INFO - Processing file /opt/airflow/dags/xcom.py for tasks to queue
[2025-09-18T12:41:24.738+0000] {logging_mixin.py:188} INFO - [2025-09-18T12:41:24.737+0000] {dagbag.py:545} INFO - Filling up the DagBag from /opt/airflow/dags/xcom.py
[2025-09-18T12:41:24.766+0000] {processor.py:840} INFO - DAG(s) 'xcom_intro' retrieved from /opt/airflow/dags/xcom.py
[2025-09-18T12:41:24.800+0000] {logging_mixin.py:188} INFO - [2025-09-18T12:41:24.800+0000] {dag.py:3089} INFO - Sync 1 DAGs
[2025-09-18T12:41:24.815+0000] {logging_mixin.py:188} INFO - [2025-09-18T12:41:24.815+0000] {dag.py:3947} INFO - Setting next_dagrun for xcom_intro to None, run_after=None
[2025-09-18T12:41:24.869+0000] {processor.py:183} INFO - Processing /opt/airflow/dags/xcom.py took 0.141 seconds
[2025-09-18T12:41:55.547+0000] {processor.py:161} INFO - Started process (PID=6875) to work on /opt/airflow/dags/xcom.py
[2025-09-18T12:41:55.548+0000] {processor.py:830} INFO - Processing file /opt/airflow/dags/xcom.py for tasks to queue
[2025-09-18T12:41:55.549+0000] {logging_mixin.py:188} INFO - [2025-09-18T12:41:55.549+0000] {dagbag.py:545} INFO - Filling up the DagBag from /opt/airflow/dags/xcom.py
[2025-09-18T12:41:55.574+0000] {processor.py:840} INFO - DAG(s) 'xcom_intro' retrieved from /opt/airflow/dags/xcom.py
[2025-09-18T12:41:55.613+0000] {logging_mixin.py:188} INFO - [2025-09-18T12:41:55.612+0000] {dag.py:3089} INFO - Sync 1 DAGs
[2025-09-18T12:41:55.630+0000] {logging_mixin.py:188} INFO - [2025-09-18T12:41:55.629+0000] {dag.py:3947} INFO - Setting next_dagrun for xcom_intro to None, run_after=None
[2025-09-18T12:41:55.657+0000] {processor.py:183} INFO - Processing /opt/airflow/dags/xcom.py took 0.115 seconds
[2025-09-18T12:42:26.433+0000] {processor.py:161} INFO - Started process (PID=6890) to work on /opt/airflow/dags/xcom.py
[2025-09-18T12:42:26.435+0000] {processor.py:830} INFO - Processing file /opt/airflow/dags/xcom.py for tasks to queue
[2025-09-18T12:42:26.436+0000] {logging_mixin.py:188} INFO - [2025-09-18T12:42:26.435+0000] {dagbag.py:545} INFO - Filling up the DagBag from /opt/airflow/dags/xcom.py
[2025-09-18T12:42:26.462+0000] {processor.py:840} INFO - DAG(s) 'xcom_intro' retrieved from /opt/airflow/dags/xcom.py
[2025-09-18T12:42:26.500+0000] {logging_mixin.py:188} INFO - [2025-09-18T12:42:26.500+0000] {dag.py:3089} INFO - Sync 1 DAGs
[2025-09-18T12:42:26.516+0000] {logging_mixin.py:188} INFO - [2025-09-18T12:42:26.516+0000] {dag.py:3947} INFO - Setting next_dagrun for xcom_intro to None, run_after=None
[2025-09-18T12:42:26.546+0000] {processor.py:183} INFO - Processing /opt/airflow/dags/xcom.py took 0.119 seconds
[2025-09-18T12:42:57.230+0000] {processor.py:161} INFO - Started process (PID=6905) to work on /opt/airflow/dags/xcom.py
[2025-09-18T12:42:57.231+0000] {processor.py:830} INFO - Processing file /opt/airflow/dags/xcom.py for tasks to queue
[2025-09-18T12:42:57.232+0000] {logging_mixin.py:188} INFO - [2025-09-18T12:42:57.232+0000] {dagbag.py:545} INFO - Filling up the DagBag from /opt/airflow/dags/xcom.py
[2025-09-18T12:42:57.258+0000] {processor.py:840} INFO - DAG(s) 'xcom_intro' retrieved from /opt/airflow/dags/xcom.py
[2025-09-18T12:42:57.294+0000] {logging_mixin.py:188} INFO - [2025-09-18T12:42:57.294+0000] {dag.py:3089} INFO - Sync 1 DAGs
[2025-09-18T12:42:57.308+0000] {logging_mixin.py:188} INFO - [2025-09-18T12:42:57.307+0000] {dag.py:3947} INFO - Setting next_dagrun for xcom_intro to None, run_after=None
[2025-09-18T12:42:57.342+0000] {processor.py:183} INFO - Processing /opt/airflow/dags/xcom.py took 0.120 seconds
[2025-09-18T12:43:28.067+0000] {processor.py:161} INFO - Started process (PID=6920) to work on /opt/airflow/dags/xcom.py
[2025-09-18T12:43:28.068+0000] {processor.py:830} INFO - Processing file /opt/airflow/dags/xcom.py for tasks to queue
[2025-09-18T12:43:28.069+0000] {logging_mixin.py:188} INFO - [2025-09-18T12:43:28.069+0000] {dagbag.py:545} INFO - Filling up the DagBag from /opt/airflow/dags/xcom.py
[2025-09-18T12:43:28.096+0000] {processor.py:840} INFO - DAG(s) 'xcom_intro' retrieved from /opt/airflow/dags/xcom.py
[2025-09-18T12:43:28.131+0000] {logging_mixin.py:188} INFO - [2025-09-18T12:43:28.131+0000] {dag.py:3089} INFO - Sync 1 DAGs
[2025-09-18T12:43:28.145+0000] {logging_mixin.py:188} INFO - [2025-09-18T12:43:28.145+0000] {dag.py:3947} INFO - Setting next_dagrun for xcom_intro to None, run_after=None
[2025-09-18T12:43:28.174+0000] {processor.py:183} INFO - Processing /opt/airflow/dags/xcom.py took 0.114 seconds
[2025-09-18T12:43:58.809+0000] {processor.py:161} INFO - Started process (PID=6935) to work on /opt/airflow/dags/xcom.py
[2025-09-18T12:43:58.811+0000] {processor.py:830} INFO - Processing file /opt/airflow/dags/xcom.py for tasks to queue
[2025-09-18T12:43:58.812+0000] {logging_mixin.py:188} INFO - [2025-09-18T12:43:58.811+0000] {dagbag.py:545} INFO - Filling up the DagBag from /opt/airflow/dags/xcom.py
[2025-09-18T12:43:58.840+0000] {processor.py:840} INFO - DAG(s) 'xcom_intro' retrieved from /opt/airflow/dags/xcom.py
[2025-09-18T12:43:58.877+0000] {logging_mixin.py:188} INFO - [2025-09-18T12:43:58.877+0000] {dag.py:3089} INFO - Sync 1 DAGs
[2025-09-18T12:43:58.891+0000] {logging_mixin.py:188} INFO - [2025-09-18T12:43:58.891+0000] {dag.py:3947} INFO - Setting next_dagrun for xcom_intro to None, run_after=None
[2025-09-18T12:43:58.917+0000] {processor.py:183} INFO - Processing /opt/airflow/dags/xcom.py took 0.115 seconds
[2025-09-18T12:44:29.030+0000] {processor.py:161} INFO - Started process (PID=6950) to work on /opt/airflow/dags/xcom.py
[2025-09-18T12:44:29.031+0000] {processor.py:830} INFO - Processing file /opt/airflow/dags/xcom.py for tasks to queue
[2025-09-18T12:44:29.032+0000] {logging_mixin.py:188} INFO - [2025-09-18T12:44:29.031+0000] {dagbag.py:545} INFO - Filling up the DagBag from /opt/airflow/dags/xcom.py
[2025-09-18T12:44:29.057+0000] {processor.py:840} INFO - DAG(s) 'xcom_intro' retrieved from /opt/airflow/dags/xcom.py
[2025-09-18T12:44:29.092+0000] {logging_mixin.py:188} INFO - [2025-09-18T12:44:29.092+0000] {dag.py:3089} INFO - Sync 1 DAGs
[2025-09-18T12:44:29.106+0000] {logging_mixin.py:188} INFO - [2025-09-18T12:44:29.106+0000] {dag.py:3947} INFO - Setting next_dagrun for xcom_intro to None, run_after=None
[2025-09-18T12:44:29.136+0000] {processor.py:183} INFO - Processing /opt/airflow/dags/xcom.py took 0.111 seconds
[2025-09-18T12:44:59.961+0000] {processor.py:161} INFO - Started process (PID=6965) to work on /opt/airflow/dags/xcom.py
[2025-09-18T12:44:59.962+0000] {processor.py:830} INFO - Processing file /opt/airflow/dags/xcom.py for tasks to queue
[2025-09-18T12:44:59.963+0000] {logging_mixin.py:188} INFO - [2025-09-18T12:44:59.963+0000] {dagbag.py:545} INFO - Filling up the DagBag from /opt/airflow/dags/xcom.py
[2025-09-18T12:44:59.993+0000] {processor.py:840} INFO - DAG(s) 'xcom_intro' retrieved from /opt/airflow/dags/xcom.py
[2025-09-18T12:45:00.030+0000] {logging_mixin.py:188} INFO - [2025-09-18T12:45:00.030+0000] {dag.py:3089} INFO - Sync 1 DAGs
[2025-09-18T12:45:00.047+0000] {logging_mixin.py:188} INFO - [2025-09-18T12:45:00.047+0000] {dag.py:3947} INFO - Setting next_dagrun for xcom_intro to None, run_after=None
[2025-09-18T12:45:00.071+0000] {processor.py:183} INFO - Processing /opt/airflow/dags/xcom.py took 0.117 seconds
[2025-09-18T12:45:30.844+0000] {processor.py:161} INFO - Started process (PID=6980) to work on /opt/airflow/dags/xcom.py
[2025-09-18T12:45:30.845+0000] {processor.py:830} INFO - Processing file /opt/airflow/dags/xcom.py for tasks to queue
[2025-09-18T12:45:30.846+0000] {logging_mixin.py:188} INFO - [2025-09-18T12:45:30.846+0000] {dagbag.py:545} INFO - Filling up the DagBag from /opt/airflow/dags/xcom.py
[2025-09-18T12:45:30.873+0000] {processor.py:840} INFO - DAG(s) 'xcom_intro' retrieved from /opt/airflow/dags/xcom.py
[2025-09-18T12:45:30.906+0000] {logging_mixin.py:188} INFO - [2025-09-18T12:45:30.905+0000] {dag.py:3089} INFO - Sync 1 DAGs
[2025-09-18T12:45:30.919+0000] {logging_mixin.py:188} INFO - [2025-09-18T12:45:30.918+0000] {dag.py:3947} INFO - Setting next_dagrun for xcom_intro to None, run_after=None
[2025-09-18T12:45:30.944+0000] {processor.py:183} INFO - Processing /opt/airflow/dags/xcom.py took 0.106 seconds
[2025-09-18T12:46:01.062+0000] {processor.py:161} INFO - Started process (PID=6995) to work on /opt/airflow/dags/xcom.py
[2025-09-18T12:46:01.063+0000] {processor.py:830} INFO - Processing file /opt/airflow/dags/xcom.py for tasks to queue
[2025-09-18T12:46:01.064+0000] {logging_mixin.py:188} INFO - [2025-09-18T12:46:01.063+0000] {dagbag.py:545} INFO - Filling up the DagBag from /opt/airflow/dags/xcom.py
[2025-09-18T12:46:01.092+0000] {processor.py:840} INFO - DAG(s) 'xcom_intro' retrieved from /opt/airflow/dags/xcom.py
[2025-09-18T12:46:01.130+0000] {logging_mixin.py:188} INFO - [2025-09-18T12:46:01.130+0000] {dag.py:3089} INFO - Sync 1 DAGs
[2025-09-18T12:46:01.144+0000] {logging_mixin.py:188} INFO - [2025-09-18T12:46:01.144+0000] {dag.py:3947} INFO - Setting next_dagrun for xcom_intro to None, run_after=None
[2025-09-18T12:46:01.174+0000] {processor.py:183} INFO - Processing /opt/airflow/dags/xcom.py took 0.120 seconds
[2025-09-18T12:46:31.981+0000] {processor.py:161} INFO - Started process (PID=7010) to work on /opt/airflow/dags/xcom.py
[2025-09-18T12:46:31.982+0000] {processor.py:830} INFO - Processing file /opt/airflow/dags/xcom.py for tasks to queue
[2025-09-18T12:46:31.983+0000] {logging_mixin.py:188} INFO - [2025-09-18T12:46:31.983+0000] {dagbag.py:545} INFO - Filling up the DagBag from /opt/airflow/dags/xcom.py
[2025-09-18T12:46:32.016+0000] {processor.py:840} INFO - DAG(s) 'xcom_intro' retrieved from /opt/airflow/dags/xcom.py
[2025-09-18T12:46:32.051+0000] {logging_mixin.py:188} INFO - [2025-09-18T12:46:32.051+0000] {dag.py:3089} INFO - Sync 1 DAGs
[2025-09-18T12:46:32.065+0000] {logging_mixin.py:188} INFO - [2025-09-18T12:46:32.065+0000] {dag.py:3947} INFO - Setting next_dagrun for xcom_intro to None, run_after=None
[2025-09-18T12:46:32.095+0000] {processor.py:183} INFO - Processing /opt/airflow/dags/xcom.py took 0.120 seconds
[2025-09-18T12:47:02.896+0000] {processor.py:161} INFO - Started process (PID=7025) to work on /opt/airflow/dags/xcom.py
[2025-09-18T12:47:02.897+0000] {processor.py:830} INFO - Processing file /opt/airflow/dags/xcom.py for tasks to queue
[2025-09-18T12:47:02.898+0000] {logging_mixin.py:188} INFO - [2025-09-18T12:47:02.898+0000] {dagbag.py:545} INFO - Filling up the DagBag from /opt/airflow/dags/xcom.py
[2025-09-18T12:47:02.923+0000] {processor.py:840} INFO - DAG(s) 'xcom_intro' retrieved from /opt/airflow/dags/xcom.py
[2025-09-18T12:47:02.957+0000] {logging_mixin.py:188} INFO - [2025-09-18T12:47:02.956+0000] {dag.py:3089} INFO - Sync 1 DAGs
[2025-09-18T12:47:02.972+0000] {logging_mixin.py:188} INFO - [2025-09-18T12:47:02.972+0000] {dag.py:3947} INFO - Setting next_dagrun for xcom_intro to None, run_after=None
[2025-09-18T12:47:03.002+0000] {processor.py:183} INFO - Processing /opt/airflow/dags/xcom.py took 0.113 seconds
[2025-09-18T12:47:33.732+0000] {processor.py:161} INFO - Started process (PID=7040) to work on /opt/airflow/dags/xcom.py
[2025-09-18T12:47:33.733+0000] {processor.py:830} INFO - Processing file /opt/airflow/dags/xcom.py for tasks to queue
[2025-09-18T12:47:33.734+0000] {logging_mixin.py:188} INFO - [2025-09-18T12:47:33.734+0000] {dagbag.py:545} INFO - Filling up the DagBag from /opt/airflow/dags/xcom.py
[2025-09-18T12:47:33.761+0000] {processor.py:840} INFO - DAG(s) 'xcom_intro' retrieved from /opt/airflow/dags/xcom.py
[2025-09-18T12:47:33.793+0000] {logging_mixin.py:188} INFO - [2025-09-18T12:47:33.793+0000] {dag.py:3089} INFO - Sync 1 DAGs
[2025-09-18T12:47:33.807+0000] {logging_mixin.py:188} INFO - [2025-09-18T12:47:33.806+0000] {dag.py:3947} INFO - Setting next_dagrun for xcom_intro to None, run_after=None
[2025-09-18T12:47:33.832+0000] {processor.py:183} INFO - Processing /opt/airflow/dags/xcom.py took 0.107 seconds
[2025-09-18T12:48:04.621+0000] {processor.py:161} INFO - Started process (PID=7055) to work on /opt/airflow/dags/xcom.py
[2025-09-18T12:48:04.622+0000] {processor.py:830} INFO - Processing file /opt/airflow/dags/xcom.py for tasks to queue
[2025-09-18T12:48:04.623+0000] {logging_mixin.py:188} INFO - [2025-09-18T12:48:04.623+0000] {dagbag.py:545} INFO - Filling up the DagBag from /opt/airflow/dags/xcom.py
[2025-09-18T12:48:04.649+0000] {processor.py:840} INFO - DAG(s) 'xcom_intro' retrieved from /opt/airflow/dags/xcom.py
[2025-09-18T12:48:04.678+0000] {logging_mixin.py:188} INFO - [2025-09-18T12:48:04.678+0000] {dag.py:3089} INFO - Sync 1 DAGs
[2025-09-18T12:48:04.693+0000] {logging_mixin.py:188} INFO - [2025-09-18T12:48:04.693+0000] {dag.py:3947} INFO - Setting next_dagrun for xcom_intro to None, run_after=None
[2025-09-18T12:48:04.722+0000] {processor.py:183} INFO - Processing /opt/airflow/dags/xcom.py took 0.108 seconds
[2025-09-18T12:48:35.568+0000] {processor.py:161} INFO - Started process (PID=7070) to work on /opt/airflow/dags/xcom.py
[2025-09-18T12:48:35.570+0000] {processor.py:830} INFO - Processing file /opt/airflow/dags/xcom.py for tasks to queue
[2025-09-18T12:48:35.571+0000] {logging_mixin.py:188} INFO - [2025-09-18T12:48:35.571+0000] {dagbag.py:545} INFO - Filling up the DagBag from /opt/airflow/dags/xcom.py
[2025-09-18T12:48:35.600+0000] {processor.py:840} INFO - DAG(s) 'xcom_intro' retrieved from /opt/airflow/dags/xcom.py
[2025-09-18T12:48:35.630+0000] {logging_mixin.py:188} INFO - [2025-09-18T12:48:35.629+0000] {dag.py:3089} INFO - Sync 1 DAGs
[2025-09-18T12:48:35.644+0000] {logging_mixin.py:188} INFO - [2025-09-18T12:48:35.644+0000] {dag.py:3947} INFO - Setting next_dagrun for xcom_intro to None, run_after=None
[2025-09-18T12:48:35.672+0000] {processor.py:183} INFO - Processing /opt/airflow/dags/xcom.py took 0.110 seconds
[2025-09-18T12:49:06.408+0000] {processor.py:161} INFO - Started process (PID=7085) to work on /opt/airflow/dags/xcom.py
[2025-09-18T12:49:06.409+0000] {processor.py:830} INFO - Processing file /opt/airflow/dags/xcom.py for tasks to queue
[2025-09-18T12:49:06.410+0000] {logging_mixin.py:188} INFO - [2025-09-18T12:49:06.410+0000] {dagbag.py:545} INFO - Filling up the DagBag from /opt/airflow/dags/xcom.py
[2025-09-18T12:49:06.438+0000] {processor.py:840} INFO - DAG(s) 'xcom_intro' retrieved from /opt/airflow/dags/xcom.py
[2025-09-18T12:49:06.472+0000] {logging_mixin.py:188} INFO - [2025-09-18T12:49:06.472+0000] {dag.py:3089} INFO - Sync 1 DAGs
[2025-09-18T12:49:06.490+0000] {logging_mixin.py:188} INFO - [2025-09-18T12:49:06.490+0000] {dag.py:3947} INFO - Setting next_dagrun for xcom_intro to None, run_after=None
[2025-09-18T12:49:06.519+0000] {processor.py:183} INFO - Processing /opt/airflow/dags/xcom.py took 0.118 seconds
[2025-09-18T12:49:37.303+0000] {processor.py:161} INFO - Started process (PID=7100) to work on /opt/airflow/dags/xcom.py
[2025-09-18T12:49:37.304+0000] {processor.py:830} INFO - Processing file /opt/airflow/dags/xcom.py for tasks to queue
[2025-09-18T12:49:37.305+0000] {logging_mixin.py:188} INFO - [2025-09-18T12:49:37.305+0000] {dagbag.py:545} INFO - Filling up the DagBag from /opt/airflow/dags/xcom.py
[2025-09-18T12:49:37.334+0000] {processor.py:840} INFO - DAG(s) 'xcom_intro' retrieved from /opt/airflow/dags/xcom.py
[2025-09-18T12:49:37.367+0000] {logging_mixin.py:188} INFO - [2025-09-18T12:49:37.367+0000] {dag.py:3089} INFO - Sync 1 DAGs
[2025-09-18T12:49:37.381+0000] {logging_mixin.py:188} INFO - [2025-09-18T12:49:37.381+0000] {dag.py:3947} INFO - Setting next_dagrun for xcom_intro to None, run_after=None
[2025-09-18T12:49:37.406+0000] {processor.py:183} INFO - Processing /opt/airflow/dags/xcom.py took 0.108 seconds
[2025-09-18T12:50:08.098+0000] {processor.py:161} INFO - Started process (PID=7115) to work on /opt/airflow/dags/xcom.py
[2025-09-18T12:50:08.099+0000] {processor.py:830} INFO - Processing file /opt/airflow/dags/xcom.py for tasks to queue
[2025-09-18T12:50:08.101+0000] {logging_mixin.py:188} INFO - [2025-09-18T12:50:08.100+0000] {dagbag.py:545} INFO - Filling up the DagBag from /opt/airflow/dags/xcom.py
[2025-09-18T12:50:08.134+0000] {processor.py:840} INFO - DAG(s) 'xcom_intro' retrieved from /opt/airflow/dags/xcom.py
[2025-09-18T12:50:08.170+0000] {logging_mixin.py:188} INFO - [2025-09-18T12:50:08.169+0000] {dag.py:3089} INFO - Sync 1 DAGs
[2025-09-18T12:50:08.184+0000] {logging_mixin.py:188} INFO - [2025-09-18T12:50:08.183+0000] {dag.py:3947} INFO - Setting next_dagrun for xcom_intro to None, run_after=None
[2025-09-18T12:50:08.211+0000] {processor.py:183} INFO - Processing /opt/airflow/dags/xcom.py took 0.122 seconds
[2025-09-18T12:50:38.931+0000] {processor.py:161} INFO - Started process (PID=7130) to work on /opt/airflow/dags/xcom.py
[2025-09-18T12:50:38.933+0000] {processor.py:830} INFO - Processing file /opt/airflow/dags/xcom.py for tasks to queue
[2025-09-18T12:50:38.934+0000] {logging_mixin.py:188} INFO - [2025-09-18T12:50:38.933+0000] {dagbag.py:545} INFO - Filling up the DagBag from /opt/airflow/dags/xcom.py
[2025-09-18T12:50:38.962+0000] {processor.py:840} INFO - DAG(s) 'xcom_intro' retrieved from /opt/airflow/dags/xcom.py
[2025-09-18T12:50:38.998+0000] {logging_mixin.py:188} INFO - [2025-09-18T12:50:38.997+0000] {dag.py:3089} INFO - Sync 1 DAGs
[2025-09-18T12:50:39.012+0000] {logging_mixin.py:188} INFO - [2025-09-18T12:50:39.012+0000] {dag.py:3947} INFO - Setting next_dagrun for xcom_intro to None, run_after=None
[2025-09-18T12:50:39.043+0000] {processor.py:183} INFO - Processing /opt/airflow/dags/xcom.py took 0.118 seconds
[2025-09-18T12:51:09.777+0000] {processor.py:161} INFO - Started process (PID=7145) to work on /opt/airflow/dags/xcom.py
[2025-09-18T12:51:09.778+0000] {processor.py:830} INFO - Processing file /opt/airflow/dags/xcom.py for tasks to queue
[2025-09-18T12:51:09.779+0000] {logging_mixin.py:188} INFO - [2025-09-18T12:51:09.779+0000] {dagbag.py:545} INFO - Filling up the DagBag from /opt/airflow/dags/xcom.py
[2025-09-18T12:51:09.808+0000] {processor.py:840} INFO - DAG(s) 'xcom_intro' retrieved from /opt/airflow/dags/xcom.py
[2025-09-18T12:51:09.845+0000] {logging_mixin.py:188} INFO - [2025-09-18T12:51:09.844+0000] {dag.py:3089} INFO - Sync 1 DAGs
[2025-09-18T12:51:09.859+0000] {logging_mixin.py:188} INFO - [2025-09-18T12:51:09.859+0000] {dag.py:3947} INFO - Setting next_dagrun for xcom_intro to None, run_after=None
[2025-09-18T12:51:09.882+0000] {processor.py:183} INFO - Processing /opt/airflow/dags/xcom.py took 0.112 seconds
[2025-09-18T12:51:40.653+0000] {processor.py:161} INFO - Started process (PID=7160) to work on /opt/airflow/dags/xcom.py
[2025-09-18T12:51:40.654+0000] {processor.py:830} INFO - Processing file /opt/airflow/dags/xcom.py for tasks to queue
[2025-09-18T12:51:40.655+0000] {logging_mixin.py:188} INFO - [2025-09-18T12:51:40.655+0000] {dagbag.py:545} INFO - Filling up the DagBag from /opt/airflow/dags/xcom.py
[2025-09-18T12:51:40.682+0000] {processor.py:840} INFO - DAG(s) 'xcom_intro' retrieved from /opt/airflow/dags/xcom.py
[2025-09-18T12:51:40.713+0000] {logging_mixin.py:188} INFO - [2025-09-18T12:51:40.713+0000] {dag.py:3089} INFO - Sync 1 DAGs
[2025-09-18T12:51:40.725+0000] {logging_mixin.py:188} INFO - [2025-09-18T12:51:40.725+0000] {dag.py:3947} INFO - Setting next_dagrun for xcom_intro to None, run_after=None
[2025-09-18T12:51:40.755+0000] {processor.py:183} INFO - Processing /opt/airflow/dags/xcom.py took 0.109 seconds
[2025-09-18T12:52:11.466+0000] {processor.py:161} INFO - Started process (PID=7175) to work on /opt/airflow/dags/xcom.py
[2025-09-18T12:52:11.467+0000] {processor.py:830} INFO - Processing file /opt/airflow/dags/xcom.py for tasks to queue
[2025-09-18T12:52:11.469+0000] {logging_mixin.py:188} INFO - [2025-09-18T12:52:11.468+0000] {dagbag.py:545} INFO - Filling up the DagBag from /opt/airflow/dags/xcom.py
[2025-09-18T12:52:11.501+0000] {processor.py:840} INFO - DAG(s) 'xcom_intro' retrieved from /opt/airflow/dags/xcom.py
[2025-09-18T12:52:11.535+0000] {logging_mixin.py:188} INFO - [2025-09-18T12:52:11.535+0000] {dag.py:3089} INFO - Sync 1 DAGs
[2025-09-18T12:52:11.549+0000] {logging_mixin.py:188} INFO - [2025-09-18T12:52:11.548+0000] {dag.py:3947} INFO - Setting next_dagrun for xcom_intro to None, run_after=None
[2025-09-18T12:52:11.578+0000] {processor.py:183} INFO - Processing /opt/airflow/dags/xcom.py took 0.119 seconds
[2025-09-18T12:52:42.333+0000] {processor.py:161} INFO - Started process (PID=7190) to work on /opt/airflow/dags/xcom.py
[2025-09-18T12:52:42.334+0000] {processor.py:830} INFO - Processing file /opt/airflow/dags/xcom.py for tasks to queue
[2025-09-18T12:52:42.335+0000] {logging_mixin.py:188} INFO - [2025-09-18T12:52:42.335+0000] {dagbag.py:545} INFO - Filling up the DagBag from /opt/airflow/dags/xcom.py
[2025-09-18T12:52:42.366+0000] {processor.py:840} INFO - DAG(s) 'xcom_intro' retrieved from /opt/airflow/dags/xcom.py
[2025-09-18T12:52:42.400+0000] {logging_mixin.py:188} INFO - [2025-09-18T12:52:42.400+0000] {dag.py:3089} INFO - Sync 1 DAGs
[2025-09-18T12:52:42.414+0000] {logging_mixin.py:188} INFO - [2025-09-18T12:52:42.414+0000] {dag.py:3947} INFO - Setting next_dagrun for xcom_intro to None, run_after=None
[2025-09-18T12:52:42.440+0000] {processor.py:183} INFO - Processing /opt/airflow/dags/xcom.py took 0.115 seconds
[2025-09-18T12:53:13.093+0000] {processor.py:161} INFO - Started process (PID=7205) to work on /opt/airflow/dags/xcom.py
[2025-09-18T12:53:13.095+0000] {processor.py:830} INFO - Processing file /opt/airflow/dags/xcom.py for tasks to queue
[2025-09-18T12:53:13.096+0000] {logging_mixin.py:188} INFO - [2025-09-18T12:53:13.096+0000] {dagbag.py:545} INFO - Filling up the DagBag from /opt/airflow/dags/xcom.py
[2025-09-18T12:53:13.129+0000] {processor.py:840} INFO - DAG(s) 'xcom_intro' retrieved from /opt/airflow/dags/xcom.py
[2025-09-18T12:53:13.161+0000] {logging_mixin.py:188} INFO - [2025-09-18T12:53:13.161+0000] {dag.py:3089} INFO - Sync 1 DAGs
[2025-09-18T12:53:13.176+0000] {logging_mixin.py:188} INFO - [2025-09-18T12:53:13.176+0000] {dag.py:3947} INFO - Setting next_dagrun for xcom_intro to None, run_after=None
[2025-09-18T12:53:13.202+0000] {processor.py:183} INFO - Processing /opt/airflow/dags/xcom.py took 0.118 seconds
[2025-09-18T12:53:44.016+0000] {processor.py:161} INFO - Started process (PID=7220) to work on /opt/airflow/dags/xcom.py
[2025-09-18T12:53:44.018+0000] {processor.py:830} INFO - Processing file /opt/airflow/dags/xcom.py for tasks to queue
[2025-09-18T12:53:44.019+0000] {logging_mixin.py:188} INFO - [2025-09-18T12:53:44.018+0000] {dagbag.py:545} INFO - Filling up the DagBag from /opt/airflow/dags/xcom.py
[2025-09-18T12:53:44.050+0000] {processor.py:840} INFO - DAG(s) 'xcom_intro' retrieved from /opt/airflow/dags/xcom.py
[2025-09-18T12:53:44.083+0000] {logging_mixin.py:188} INFO - [2025-09-18T12:53:44.082+0000] {dag.py:3089} INFO - Sync 1 DAGs
[2025-09-18T12:53:44.098+0000] {logging_mixin.py:188} INFO - [2025-09-18T12:53:44.097+0000] {dag.py:3947} INFO - Setting next_dagrun for xcom_intro to None, run_after=None
[2025-09-18T12:53:44.127+0000] {processor.py:183} INFO - Processing /opt/airflow/dags/xcom.py took 0.118 seconds
[2025-09-18T12:54:14.735+0000] {processor.py:161} INFO - Started process (PID=7235) to work on /opt/airflow/dags/xcom.py
[2025-09-18T12:54:14.737+0000] {processor.py:830} INFO - Processing file /opt/airflow/dags/xcom.py for tasks to queue
[2025-09-18T12:54:14.738+0000] {logging_mixin.py:188} INFO - [2025-09-18T12:54:14.737+0000] {dagbag.py:545} INFO - Filling up the DagBag from /opt/airflow/dags/xcom.py
[2025-09-18T12:54:14.767+0000] {processor.py:840} INFO - DAG(s) 'xcom_intro' retrieved from /opt/airflow/dags/xcom.py
[2025-09-18T12:54:14.803+0000] {logging_mixin.py:188} INFO - [2025-09-18T12:54:14.803+0000] {dag.py:3089} INFO - Sync 1 DAGs
[2025-09-18T12:54:14.815+0000] {logging_mixin.py:188} INFO - [2025-09-18T12:54:14.815+0000] {dag.py:3947} INFO - Setting next_dagrun for xcom_intro to None, run_after=None
[2025-09-18T12:54:14.839+0000] {processor.py:183} INFO - Processing /opt/airflow/dags/xcom.py took 0.111 seconds
[2025-09-18T12:54:45.478+0000] {processor.py:161} INFO - Started process (PID=7250) to work on /opt/airflow/dags/xcom.py
[2025-09-18T12:54:45.479+0000] {processor.py:830} INFO - Processing file /opt/airflow/dags/xcom.py for tasks to queue
[2025-09-18T12:54:45.481+0000] {logging_mixin.py:188} INFO - [2025-09-18T12:54:45.480+0000] {dagbag.py:545} INFO - Filling up the DagBag from /opt/airflow/dags/xcom.py
[2025-09-18T12:54:45.514+0000] {processor.py:840} INFO - DAG(s) 'xcom_intro' retrieved from /opt/airflow/dags/xcom.py
[2025-09-18T12:54:45.553+0000] {logging_mixin.py:188} INFO - [2025-09-18T12:54:45.553+0000] {dag.py:3089} INFO - Sync 1 DAGs
[2025-09-18T12:54:45.568+0000] {logging_mixin.py:188} INFO - [2025-09-18T12:54:45.567+0000] {dag.py:3947} INFO - Setting next_dagrun for xcom_intro to None, run_after=None
[2025-09-18T12:54:45.598+0000] {processor.py:183} INFO - Processing /opt/airflow/dags/xcom.py took 0.129 seconds
[2025-09-18T12:55:16.372+0000] {processor.py:161} INFO - Started process (PID=7265) to work on /opt/airflow/dags/xcom.py
[2025-09-18T12:55:16.373+0000] {processor.py:830} INFO - Processing file /opt/airflow/dags/xcom.py for tasks to queue
[2025-09-18T12:55:16.374+0000] {logging_mixin.py:188} INFO - [2025-09-18T12:55:16.374+0000] {dagbag.py:545} INFO - Filling up the DagBag from /opt/airflow/dags/xcom.py
[2025-09-18T12:55:16.398+0000] {processor.py:840} INFO - DAG(s) 'xcom_intro' retrieved from /opt/airflow/dags/xcom.py
[2025-09-18T12:55:16.433+0000] {logging_mixin.py:188} INFO - [2025-09-18T12:55:16.432+0000] {dag.py:3089} INFO - Sync 1 DAGs
[2025-09-18T12:55:16.445+0000] {logging_mixin.py:188} INFO - [2025-09-18T12:55:16.445+0000] {dag.py:3947} INFO - Setting next_dagrun for xcom_intro to None, run_after=None
[2025-09-18T12:55:16.468+0000] {processor.py:183} INFO - Processing /opt/airflow/dags/xcom.py took 0.101 seconds
[2025-09-18T12:55:47.278+0000] {processor.py:161} INFO - Started process (PID=7280) to work on /opt/airflow/dags/xcom.py
[2025-09-18T12:55:47.280+0000] {processor.py:830} INFO - Processing file /opt/airflow/dags/xcom.py for tasks to queue
[2025-09-18T12:55:47.281+0000] {logging_mixin.py:188} INFO - [2025-09-18T12:55:47.281+0000] {dagbag.py:545} INFO - Filling up the DagBag from /opt/airflow/dags/xcom.py
[2025-09-18T12:55:47.310+0000] {processor.py:840} INFO - DAG(s) 'xcom_intro' retrieved from /opt/airflow/dags/xcom.py
[2025-09-18T12:55:47.347+0000] {logging_mixin.py:188} INFO - [2025-09-18T12:55:47.347+0000] {dag.py:3089} INFO - Sync 1 DAGs
[2025-09-18T12:55:47.362+0000] {logging_mixin.py:188} INFO - [2025-09-18T12:55:47.362+0000] {dag.py:3947} INFO - Setting next_dagrun for xcom_intro to None, run_after=None
[2025-09-18T12:55:47.392+0000] {processor.py:183} INFO - Processing /opt/airflow/dags/xcom.py took 0.121 seconds
[2025-09-18T12:56:17.933+0000] {processor.py:161} INFO - Started process (PID=7295) to work on /opt/airflow/dags/xcom.py
[2025-09-18T12:56:17.934+0000] {processor.py:830} INFO - Processing file /opt/airflow/dags/xcom.py for tasks to queue
[2025-09-18T12:56:17.935+0000] {logging_mixin.py:188} INFO - [2025-09-18T12:56:17.935+0000] {dagbag.py:545} INFO - Filling up the DagBag from /opt/airflow/dags/xcom.py
[2025-09-18T12:56:17.962+0000] {processor.py:840} INFO - DAG(s) 'xcom_intro' retrieved from /opt/airflow/dags/xcom.py
[2025-09-18T12:56:17.996+0000] {logging_mixin.py:188} INFO - [2025-09-18T12:56:17.996+0000] {dag.py:3089} INFO - Sync 1 DAGs
[2025-09-18T12:56:18.013+0000] {logging_mixin.py:188} INFO - [2025-09-18T12:56:18.012+0000] {dag.py:3947} INFO - Setting next_dagrun for xcom_intro to None, run_after=None
[2025-09-18T12:56:18.045+0000] {processor.py:183} INFO - Processing /opt/airflow/dags/xcom.py took 0.117 seconds
[2025-09-18T12:56:48.872+0000] {processor.py:161} INFO - Started process (PID=7310) to work on /opt/airflow/dags/xcom.py
[2025-09-18T12:56:48.873+0000] {processor.py:830} INFO - Processing file /opt/airflow/dags/xcom.py for tasks to queue
[2025-09-18T12:56:48.874+0000] {logging_mixin.py:188} INFO - [2025-09-18T12:56:48.874+0000] {dagbag.py:545} INFO - Filling up the DagBag from /opt/airflow/dags/xcom.py
[2025-09-18T12:56:48.902+0000] {processor.py:840} INFO - DAG(s) 'xcom_intro' retrieved from /opt/airflow/dags/xcom.py
[2025-09-18T12:56:48.935+0000] {logging_mixin.py:188} INFO - [2025-09-18T12:56:48.935+0000] {dag.py:3089} INFO - Sync 1 DAGs
[2025-09-18T12:56:48.949+0000] {logging_mixin.py:188} INFO - [2025-09-18T12:56:48.949+0000] {dag.py:3947} INFO - Setting next_dagrun for xcom_intro to None, run_after=None
[2025-09-18T12:56:48.976+0000] {processor.py:183} INFO - Processing /opt/airflow/dags/xcom.py took 0.111 seconds
[2025-09-18T12:57:19.660+0000] {processor.py:161} INFO - Started process (PID=7325) to work on /opt/airflow/dags/xcom.py
[2025-09-18T12:57:19.661+0000] {processor.py:830} INFO - Processing file /opt/airflow/dags/xcom.py for tasks to queue
[2025-09-18T12:57:19.662+0000] {logging_mixin.py:188} INFO - [2025-09-18T12:57:19.661+0000] {dagbag.py:545} INFO - Filling up the DagBag from /opt/airflow/dags/xcom.py
[2025-09-18T12:57:19.691+0000] {processor.py:840} INFO - DAG(s) 'xcom_intro' retrieved from /opt/airflow/dags/xcom.py
[2025-09-18T12:57:19.727+0000] {logging_mixin.py:188} INFO - [2025-09-18T12:57:19.727+0000] {dag.py:3089} INFO - Sync 1 DAGs
[2025-09-18T12:57:19.740+0000] {logging_mixin.py:188} INFO - [2025-09-18T12:57:19.740+0000] {dag.py:3947} INFO - Setting next_dagrun for xcom_intro to None, run_after=None
[2025-09-18T12:57:19.765+0000] {processor.py:183} INFO - Processing /opt/airflow/dags/xcom.py took 0.112 seconds
[2025-09-18T12:57:50.521+0000] {processor.py:161} INFO - Started process (PID=7340) to work on /opt/airflow/dags/xcom.py
[2025-09-18T12:57:50.522+0000] {processor.py:830} INFO - Processing file /opt/airflow/dags/xcom.py for tasks to queue
[2025-09-18T12:57:50.523+0000] {logging_mixin.py:188} INFO - [2025-09-18T12:57:50.523+0000] {dagbag.py:545} INFO - Filling up the DagBag from /opt/airflow/dags/xcom.py
[2025-09-18T12:57:50.551+0000] {processor.py:840} INFO - DAG(s) 'xcom_intro' retrieved from /opt/airflow/dags/xcom.py
[2025-09-18T12:57:50.586+0000] {logging_mixin.py:188} INFO - [2025-09-18T12:57:50.585+0000] {dag.py:3089} INFO - Sync 1 DAGs
[2025-09-18T12:57:50.600+0000] {logging_mixin.py:188} INFO - [2025-09-18T12:57:50.599+0000] {dag.py:3947} INFO - Setting next_dagrun for xcom_intro to None, run_after=None
[2025-09-18T12:57:50.640+0000] {processor.py:183} INFO - Processing /opt/airflow/dags/xcom.py took 0.124 seconds
[2025-09-18T12:58:20.971+0000] {processor.py:161} INFO - Started process (PID=7355) to work on /opt/airflow/dags/xcom.py
[2025-09-18T12:58:20.972+0000] {processor.py:830} INFO - Processing file /opt/airflow/dags/xcom.py for tasks to queue
[2025-09-18T12:58:20.973+0000] {logging_mixin.py:188} INFO - [2025-09-18T12:58:20.973+0000] {dagbag.py:545} INFO - Filling up the DagBag from /opt/airflow/dags/xcom.py
[2025-09-18T12:58:20.999+0000] {processor.py:840} INFO - DAG(s) 'xcom_intro' retrieved from /opt/airflow/dags/xcom.py
[2025-09-18T12:58:21.042+0000] {logging_mixin.py:188} INFO - [2025-09-18T12:58:21.041+0000] {dag.py:3089} INFO - Sync 1 DAGs
[2025-09-18T12:58:21.064+0000] {logging_mixin.py:188} INFO - [2025-09-18T12:58:21.064+0000] {dag.py:3947} INFO - Setting next_dagrun for xcom_intro to None, run_after=None
[2025-09-18T12:58:21.092+0000] {processor.py:183} INFO - Processing /opt/airflow/dags/xcom.py took 0.128 seconds
[2025-09-18T12:58:51.440+0000] {processor.py:161} INFO - Started process (PID=7370) to work on /opt/airflow/dags/xcom.py
[2025-09-18T12:58:51.441+0000] {processor.py:830} INFO - Processing file /opt/airflow/dags/xcom.py for tasks to queue
[2025-09-18T12:58:51.442+0000] {logging_mixin.py:188} INFO - [2025-09-18T12:58:51.442+0000] {dagbag.py:545} INFO - Filling up the DagBag from /opt/airflow/dags/xcom.py
[2025-09-18T12:58:51.474+0000] {processor.py:840} INFO - DAG(s) 'xcom_intro' retrieved from /opt/airflow/dags/xcom.py
[2025-09-18T12:58:51.510+0000] {logging_mixin.py:188} INFO - [2025-09-18T12:58:51.510+0000] {dag.py:3089} INFO - Sync 1 DAGs
[2025-09-18T12:58:51.523+0000] {logging_mixin.py:188} INFO - [2025-09-18T12:58:51.523+0000] {dag.py:3947} INFO - Setting next_dagrun for xcom_intro to None, run_after=None
[2025-09-18T12:58:51.549+0000] {processor.py:183} INFO - Processing /opt/airflow/dags/xcom.py took 0.119 seconds
[2025-09-18T12:59:21.805+0000] {processor.py:161} INFO - Started process (PID=7385) to work on /opt/airflow/dags/xcom.py
[2025-09-18T12:59:21.807+0000] {processor.py:830} INFO - Processing file /opt/airflow/dags/xcom.py for tasks to queue
[2025-09-18T12:59:21.808+0000] {logging_mixin.py:188} INFO - [2025-09-18T12:59:21.807+0000] {dagbag.py:545} INFO - Filling up the DagBag from /opt/airflow/dags/xcom.py
[2025-09-18T12:59:21.835+0000] {processor.py:840} INFO - DAG(s) 'xcom_intro' retrieved from /opt/airflow/dags/xcom.py
[2025-09-18T12:59:21.872+0000] {logging_mixin.py:188} INFO - [2025-09-18T12:59:21.872+0000] {dag.py:3089} INFO - Sync 1 DAGs
[2025-09-18T12:59:21.887+0000] {logging_mixin.py:188} INFO - [2025-09-18T12:59:21.887+0000] {dag.py:3947} INFO - Setting next_dagrun for xcom_intro to None, run_after=None
[2025-09-18T12:59:21.916+0000] {processor.py:183} INFO - Processing /opt/airflow/dags/xcom.py took 0.117 seconds
[2025-09-18T12:59:52.276+0000] {processor.py:161} INFO - Started process (PID=7400) to work on /opt/airflow/dags/xcom.py
[2025-09-18T12:59:52.277+0000] {processor.py:830} INFO - Processing file /opt/airflow/dags/xcom.py for tasks to queue
[2025-09-18T12:59:52.278+0000] {logging_mixin.py:188} INFO - [2025-09-18T12:59:52.278+0000] {dagbag.py:545} INFO - Filling up the DagBag from /opt/airflow/dags/xcom.py
[2025-09-18T12:59:52.306+0000] {processor.py:840} INFO - DAG(s) 'xcom_intro' retrieved from /opt/airflow/dags/xcom.py
[2025-09-18T12:59:52.343+0000] {logging_mixin.py:188} INFO - [2025-09-18T12:59:52.343+0000] {dag.py:3089} INFO - Sync 1 DAGs
[2025-09-18T12:59:52.358+0000] {logging_mixin.py:188} INFO - [2025-09-18T12:59:52.358+0000] {dag.py:3947} INFO - Setting next_dagrun for xcom_intro to None, run_after=None
[2025-09-18T12:59:52.382+0000] {processor.py:183} INFO - Processing /opt/airflow/dags/xcom.py took 0.112 seconds
[2025-09-18T13:00:22.825+0000] {processor.py:161} INFO - Started process (PID=7415) to work on /opt/airflow/dags/xcom.py
[2025-09-18T13:00:22.826+0000] {processor.py:830} INFO - Processing file /opt/airflow/dags/xcom.py for tasks to queue
[2025-09-18T13:00:22.827+0000] {logging_mixin.py:188} INFO - [2025-09-18T13:00:22.827+0000] {dagbag.py:545} INFO - Filling up the DagBag from /opt/airflow/dags/xcom.py
[2025-09-18T13:00:22.856+0000] {processor.py:840} INFO - DAG(s) 'xcom_intro' retrieved from /opt/airflow/dags/xcom.py
[2025-09-18T13:00:22.891+0000] {logging_mixin.py:188} INFO - [2025-09-18T13:00:22.890+0000] {dag.py:3089} INFO - Sync 1 DAGs
[2025-09-18T13:00:22.905+0000] {logging_mixin.py:188} INFO - [2025-09-18T13:00:22.904+0000] {dag.py:3947} INFO - Setting next_dagrun for xcom_intro to None, run_after=None
[2025-09-18T13:00:22.927+0000] {processor.py:183} INFO - Processing /opt/airflow/dags/xcom.py took 0.109 seconds
[2025-09-18T13:00:53.349+0000] {processor.py:161} INFO - Started process (PID=7430) to work on /opt/airflow/dags/xcom.py
[2025-09-18T13:00:53.350+0000] {processor.py:830} INFO - Processing file /opt/airflow/dags/xcom.py for tasks to queue
[2025-09-18T13:00:53.351+0000] {logging_mixin.py:188} INFO - [2025-09-18T13:00:53.351+0000] {dagbag.py:545} INFO - Filling up the DagBag from /opt/airflow/dags/xcom.py
[2025-09-18T13:00:53.380+0000] {processor.py:840} INFO - DAG(s) 'xcom_intro' retrieved from /opt/airflow/dags/xcom.py
[2025-09-18T13:00:53.415+0000] {logging_mixin.py:188} INFO - [2025-09-18T13:00:53.415+0000] {dag.py:3089} INFO - Sync 1 DAGs
[2025-09-18T13:00:53.429+0000] {logging_mixin.py:188} INFO - [2025-09-18T13:00:53.429+0000] {dag.py:3947} INFO - Setting next_dagrun for xcom_intro to None, run_after=None
[2025-09-18T13:00:53.451+0000] {processor.py:183} INFO - Processing /opt/airflow/dags/xcom.py took 0.110 seconds
[2025-09-18T13:01:24.082+0000] {processor.py:161} INFO - Started process (PID=7445) to work on /opt/airflow/dags/xcom.py
[2025-09-18T13:01:24.083+0000] {processor.py:830} INFO - Processing file /opt/airflow/dags/xcom.py for tasks to queue
[2025-09-18T13:01:24.084+0000] {logging_mixin.py:188} INFO - [2025-09-18T13:01:24.084+0000] {dagbag.py:545} INFO - Filling up the DagBag from /opt/airflow/dags/xcom.py
[2025-09-18T13:01:24.110+0000] {processor.py:840} INFO - DAG(s) 'xcom_intro' retrieved from /opt/airflow/dags/xcom.py
[2025-09-18T13:01:24.143+0000] {logging_mixin.py:188} INFO - [2025-09-18T13:01:24.143+0000] {dag.py:3089} INFO - Sync 1 DAGs
[2025-09-18T13:01:24.155+0000] {logging_mixin.py:188} INFO - [2025-09-18T13:01:24.155+0000] {dag.py:3947} INFO - Setting next_dagrun for xcom_intro to None, run_after=None
[2025-09-18T13:01:24.178+0000] {processor.py:183} INFO - Processing /opt/airflow/dags/xcom.py took 0.103 seconds
[2025-09-18T13:01:54.738+0000] {processor.py:161} INFO - Started process (PID=7460) to work on /opt/airflow/dags/xcom.py
[2025-09-18T13:01:54.739+0000] {processor.py:830} INFO - Processing file /opt/airflow/dags/xcom.py for tasks to queue
[2025-09-18T13:01:54.740+0000] {logging_mixin.py:188} INFO - [2025-09-18T13:01:54.740+0000] {dagbag.py:545} INFO - Filling up the DagBag from /opt/airflow/dags/xcom.py
[2025-09-18T13:01:54.768+0000] {processor.py:840} INFO - DAG(s) 'xcom_intro' retrieved from /opt/airflow/dags/xcom.py
[2025-09-18T13:01:54.801+0000] {logging_mixin.py:188} INFO - [2025-09-18T13:01:54.801+0000] {dag.py:3089} INFO - Sync 1 DAGs
[2025-09-18T13:01:54.814+0000] {logging_mixin.py:188} INFO - [2025-09-18T13:01:54.813+0000] {dag.py:3947} INFO - Setting next_dagrun for xcom_intro to None, run_after=None
[2025-09-18T13:01:54.839+0000] {processor.py:183} INFO - Processing /opt/airflow/dags/xcom.py took 0.107 seconds
[2025-09-18T13:02:25.319+0000] {processor.py:161} INFO - Started process (PID=7475) to work on /opt/airflow/dags/xcom.py
[2025-09-18T13:02:25.320+0000] {processor.py:830} INFO - Processing file /opt/airflow/dags/xcom.py for tasks to queue
[2025-09-18T13:02:25.321+0000] {logging_mixin.py:188} INFO - [2025-09-18T13:02:25.321+0000] {dagbag.py:545} INFO - Filling up the DagBag from /opt/airflow/dags/xcom.py
[2025-09-18T13:02:25.347+0000] {processor.py:840} INFO - DAG(s) 'xcom_intro' retrieved from /opt/airflow/dags/xcom.py
[2025-09-18T13:02:25.379+0000] {logging_mixin.py:188} INFO - [2025-09-18T13:02:25.379+0000] {dag.py:3089} INFO - Sync 1 DAGs
[2025-09-18T13:02:25.392+0000] {logging_mixin.py:188} INFO - [2025-09-18T13:02:25.392+0000] {dag.py:3947} INFO - Setting next_dagrun for xcom_intro to None, run_after=None
[2025-09-18T13:02:25.490+0000] {processor.py:183} INFO - Processing /opt/airflow/dags/xcom.py took 0.176 seconds
[2025-09-18T13:02:55.891+0000] {processor.py:161} INFO - Started process (PID=7490) to work on /opt/airflow/dags/xcom.py
[2025-09-18T13:02:55.892+0000] {processor.py:830} INFO - Processing file /opt/airflow/dags/xcom.py for tasks to queue
[2025-09-18T13:02:55.893+0000] {logging_mixin.py:188} INFO - [2025-09-18T13:02:55.893+0000] {dagbag.py:545} INFO - Filling up the DagBag from /opt/airflow/dags/xcom.py
[2025-09-18T13:02:55.919+0000] {processor.py:840} INFO - DAG(s) 'xcom_intro' retrieved from /opt/airflow/dags/xcom.py
[2025-09-18T13:02:55.955+0000] {logging_mixin.py:188} INFO - [2025-09-18T13:02:55.954+0000] {dag.py:3089} INFO - Sync 1 DAGs
[2025-09-18T13:02:55.969+0000] {logging_mixin.py:188} INFO - [2025-09-18T13:02:55.969+0000] {dag.py:3947} INFO - Setting next_dagrun for xcom_intro to None, run_after=None
[2025-09-18T13:02:55.998+0000] {processor.py:183} INFO - Processing /opt/airflow/dags/xcom.py took 0.112 seconds
[2025-09-18T13:03:26.547+0000] {processor.py:161} INFO - Started process (PID=7505) to work on /opt/airflow/dags/xcom.py
[2025-09-18T13:03:26.548+0000] {processor.py:830} INFO - Processing file /opt/airflow/dags/xcom.py for tasks to queue
[2025-09-18T13:03:26.549+0000] {logging_mixin.py:188} INFO - [2025-09-18T13:03:26.549+0000] {dagbag.py:545} INFO - Filling up the DagBag from /opt/airflow/dags/xcom.py
[2025-09-18T13:03:26.574+0000] {processor.py:840} INFO - DAG(s) 'xcom_intro' retrieved from /opt/airflow/dags/xcom.py
[2025-09-18T13:03:26.606+0000] {logging_mixin.py:188} INFO - [2025-09-18T13:03:26.605+0000] {dag.py:3089} INFO - Sync 1 DAGs
[2025-09-18T13:03:26.619+0000] {logging_mixin.py:188} INFO - [2025-09-18T13:03:26.618+0000] {dag.py:3947} INFO - Setting next_dagrun for xcom_intro to None, run_after=None
[2025-09-18T13:03:26.645+0000] {processor.py:183} INFO - Processing /opt/airflow/dags/xcom.py took 0.105 seconds
