[2025-09-16T13:50:51.787+0000] {local_task_job_runner.py:120} INFO - ::group::Pre task execution logs
[2025-09-16T13:50:51.829+0000] {taskinstance.py:2076} INFO - Dependencies all met for dep_context=non-requeueable deps ti=<TaskInstance: vars_conns_demo.echo_template manual__2025-09-16T13:50:49.998366+00:00 [queued]>
[2025-09-16T13:50:51.838+0000] {taskinstance.py:2076} INFO - Dependencies all met for dep_context=requeueable deps ti=<TaskInstance: vars_conns_demo.echo_template manual__2025-09-16T13:50:49.998366+00:00 [queued]>
[2025-09-16T13:50:51.840+0000] {taskinstance.py:2306} INFO - Starting attempt 1 of 1
[2025-09-16T13:50:51.858+0000] {taskinstance.py:2330} INFO - Executing <Task(BashOperator): echo_template> on 2025-09-16 13:50:49.998366+00:00
[2025-09-16T13:50:51.864+0000] {standard_task_runner.py:90} INFO - Running: ['***', 'tasks', 'run', 'vars_conns_demo', 'echo_template', 'manual__2025-09-16T13:50:49.998366+00:00', '--job-id', '15', '--raw', '--subdir', 'DAGS_FOLDER/vars_conn_demo.py', '--cfg-path', '/tmp/tmpgcrvwr5s']
[2025-09-16T13:50:51.866+0000] {standard_task_runner.py:91} INFO - Job 15: Subtask echo_template
[2025-09-16T13:50:51.866+0000] {logging_mixin.py:188} WARNING - /home/***/.local/lib/python3.12/site-packages/***/task/task_runner/standard_task_runner.py:62 DeprecationWarning: This process (pid=1418) is multi-threaded, use of fork() may lead to deadlocks in the child.
[2025-09-16T13:50:51.867+0000] {standard_task_runner.py:64} INFO - Started process 1419 to run task
[2025-09-16T13:50:51.934+0000] {task_command.py:426} INFO - Running <TaskInstance: vars_conns_demo.echo_template manual__2025-09-16T13:50:49.998366+00:00 [running]> on host 0d34ce0f8ee7
[2025-09-16T13:50:52.070+0000] {taskinstance.py:2648} INFO - Exporting env vars: AIRFLOW_CTX_DAG_OWNER='***' AIRFLOW_CTX_DAG_ID='vars_conns_demo' AIRFLOW_CTX_TASK_ID='echo_template' AIRFLOW_CTX_EXECUTION_DATE='2025-09-16T13:50:49.998366+00:00' AIRFLOW_CTX_TRY_NUMBER='1' AIRFLOW_CTX_DAG_RUN_ID='manual__2025-09-16T13:50:49.998366+00:00'
[2025-09-16T13:50:52.071+0000] {taskinstance.py:430} INFO - ::endgroup::
[2025-09-16T13:50:52.073+0000] {subprocess.py:63} INFO - Tmp dir root location: /tmp
[2025-09-16T13:50:52.075+0000] {subprocess.py:75} INFO - Running command: ['/usr/bin/bash', '-c', 'echo "run_id=manual__2025-09-16T13:50:49.998366+00:00 ds=2025-09-16 etl_env=dev"']
[2025-09-16T13:50:52.084+0000] {subprocess.py:86} INFO - Output:
[2025-09-16T13:50:52.096+0000] {subprocess.py:93} INFO - run_id=manual__2025-09-16T13:50:49.998366+00:00 ds=2025-09-16 etl_env=dev
[2025-09-16T13:50:52.097+0000] {subprocess.py:97} INFO - Command exited with return code 0
[2025-09-16T13:50:52.098+0000] {taskinstance.py:441} INFO - ::group::Post task execution logs
[2025-09-16T13:50:52.134+0000] {taskinstance.py:1206} INFO - Marking task as SUCCESS. dag_id=vars_conns_demo, task_id=echo_template, run_id=manual__2025-09-16T13:50:49.998366+00:00, execution_date=20250916T135049, start_date=20250916T135051, end_date=20250916T135052
[2025-09-16T13:50:52.162+0000] {local_task_job_runner.py:243} INFO - Task exited with return code 0
[2025-09-16T13:50:52.181+0000] {taskinstance.py:3503} INFO - 0 downstream tasks scheduled from follow-on schedule check
[2025-09-16T13:50:52.187+0000] {local_task_job_runner.py:222} INFO - ::endgroup::
